Array
(
    [HTTPS] => On
    [REMOTE_USER] => 
    [HTTP_HOST] => frolof-bitrix-7nxat.tw1.ru
    [HTTP_X_HTTPS] => 1
    [HTTP_X_FORWARDED_PROTO] => https
    [HTTP_CONNECTION] => close
    [HTTP_CACHE_CONTROL] => max-age=0
    [HTTP_SEC_CH_UA] => "Not/A)Brand";v="8", "Chromium";v="126", "Google Chrome";v="126"
    [HTTP_SEC_CH_UA_MOBILE] => ?0
    [HTTP_SEC_CH_UA_PLATFORM] => "Windows"
    [HTTP_UPGRADE_INSECURE_REQUESTS] => 1
    [HTTP_USER_AGENT] => Mozilla/5.0 (Windows NT 10.0; Win64; x64) AppleWebKit/537.36 (KHTML, like Gecko) Chrome/126.0.0.0 Safari/537.36
    [HTTP_ACCEPT] => text/html,application/xhtml+xml,application/xml;q=0.9,image/avif,image/webp,image/apng,*/*;q=0.8,application/signed-exchange;v=b3;q=0.7
    [HTTP_SEC_FETCH_SITE] => same-origin
    [HTTP_SEC_FETCH_MODE] => navigate
    [HTTP_SEC_FETCH_USER] => ?1
    [HTTP_SEC_FETCH_DEST] => document
    [HTTP_REFERER] => https://frolof-bitrix-7nxat.tw1.ru/services/
    [HTTP_ACCEPT_ENCODING] => gzip, deflate, br
    [HTTP_ACCEPT_LANGUAGE] => ru,ru-RU;q=0.9,en-US;q=0.8,en;q=0.7
    [HTTP_PRIORITY] => u=0, i
    [HTTP_COOKIE] => _ym_uid=1684149822432476169; _ga=GA1.1.1390228103.1689341009; _ga_3PDPXWLK32=GS1.1.1689341008.1.1.1689341186.0.0.0; _ym_d=1702391973; _ga_LTEDGNT3YB=GS1.1.1702393807.1.1.1702393851.0.0.0; BITRIX_SM_SOUND_LOGIN_PLAYED=Y; BX_USER_ID=3a02b9351801498a531c13983879b39a; BITRIX_SM_LOGIN=admin1c; BITRIX_CONVERSION_CONTEXT_s1=%7B%22ID%22%3A1%2C%22EXPIRE%22%3A1719349140%2C%22UNIQUE%22%3A%5B%22conversion_visit_day%22%5D%7D; PHPSESSID=y2zyIQI60D8ZzPX5eTuBNakTtkIesOH9; BITRIX_SM_SALE_UID=0
    [PATH] => /usr/local/sbin:/usr/local/bin:/usr/sbin:/usr/bin:/sbin:/bin:/snap/bin
    [SERVER_SIGNATURE] => 
    [SERVER_SOFTWARE] => Apache/2.4.29
    [SERVER_NAME] => frolof-bitrix-7nxat.tw1.ru
    [SERVER_ADDR] => 127.0.4.129
    [SERVER_PORT] => 80
    [REMOTE_ADDR] => 37.193.78.35
    [DOCUMENT_ROOT] => /home/f/frolof/bitrix_7nxat/public_html
    [REQUEST_SCHEME] => http
    [CONTEXT_PREFIX] => 
    [CONTEXT_DOCUMENT_ROOT] => /home/f/frolof/bitrix_7nxat/public_html
    [SERVER_ADMIN] => info@timeweb.ru
    [SCRIPT_FILENAME] => /home/f/frolof/bitrix_7nxat/public_html/services/index.php
    [REMOTE_PORT] => 50928
    [GATEWAY_INTERFACE] => CGI/1.1
    [SERVER_PROTOCOL] => HTTP/1.0
    [REQUEST_METHOD] => GET
    [QUERY_STRING] => clear_cache=Y
    [REQUEST_URI] => /services/?clear_cache=Y
    [SCRIPT_NAME] => /services/index.php
    [PHP_SELF] => /services/index.php
    [REQUEST_TIME_FLOAT] => 1719295860.064
    [REQUEST_TIME] => 1719295860
    [argv] => Array
        (
            [0] => clear_cache=Y
        )

    [argc] => 1
)
Array
(
    [HTTPS] => On
    [REMOTE_USER] => 
    [HTTP_HOST] => frolof-bitrix-7nxat.tw1.ru
    [HTTP_X_HTTPS] => 1
    [HTTP_X_FORWARDED_PROTO] => https
    [HTTP_CONNECTION] => close
    [HTTP_SEC_CH_UA] => "Not/A)Brand";v="8", "Chromium";v="126", "Google Chrome";v="126"
    [HTTP_X_BITRIX_CSRF_TOKEN] => 4ba204c68ba28208a107c057200d7dc0
    [HTTP_SEC_CH_UA_MOBILE] => ?0
    [HTTP_BX_AJAX] => true
    [HTTP_USER_AGENT] => Mozilla/5.0 (Windows NT 10.0; Win64; x64) AppleWebKit/537.36 (KHTML, like Gecko) Chrome/126.0.0.0 Safari/537.36
    [HTTP_SEC_CH_UA_PLATFORM] => "Windows"
    [HTTP_ACCEPT] => */*
    [HTTP_SEC_FETCH_SITE] => same-origin
    [HTTP_SEC_FETCH_MODE] => cors
    [HTTP_SEC_FETCH_DEST] => empty
    [HTTP_REFERER] => https://frolof-bitrix-7nxat.tw1.ru/catalog/med_1/
    [HTTP_ACCEPT_ENCODING] => gzip, deflate, br
    [HTTP_ACCEPT_LANGUAGE] => ru-RU,ru;q=0.9,en-US;q=0.8,en;q=0.7,la;q=0.6,bg;q=0.5,haw;q=0.4,ky;q=0.3,tg;q=0.2,sr;q=0.1
    [HTTP_PRIORITY] => u=1, i
    [HTTP_COOKIE] => _ym_uid=1695892490214562786; _ym_d=1695892490; BX_USER_ID=6aaa08204fbf375f58e2687db84f9b78; BITRIX_SM_LOGIN=admin; BITRIX_SM_SALE_UID=dd7a5ef40921c256e161b6287fa6da9b; PHPSESSID=0vdesYFcJ1509UrSOYcOuR4USGlZsFqH; BITRIX_SM_SOUND_LOGIN_PLAYED=Y; BITRIX_CONVERSION_CONTEXT_s1=%7B%22ID%22%3A1%2C%22EXPIRE%22%3A1719349140%2C%22UNIQUE%22%3A%5B%22conversion_visit_day%22%2C%22sale_cart_add_day%22%5D%7D
    [PATH] => /usr/local/sbin:/usr/local/bin:/usr/sbin:/usr/bin:/sbin:/bin:/snap/bin
    [SERVER_SIGNATURE] => 
    [SERVER_SOFTWARE] => Apache/2.4.29
    [SERVER_NAME] => frolof-bitrix-7nxat.tw1.ru
    [SERVER_ADDR] => 127.0.4.129
    [SERVER_PORT] => 80
    [REMOTE_ADDR] => 37.193.78.35
    [DOCUMENT_ROOT] => /home/f/frolof/bitrix_7nxat/public_html
    [REQUEST_SCHEME] => http
    [CONTEXT_PREFIX] => 
    [CONTEXT_DOCUMENT_ROOT] => /home/f/frolof/bitrix_7nxat/public_html
    [SERVER_ADMIN] => info@timeweb.ru
    [SCRIPT_FILENAME] => /home/f/frolof/bitrix_7nxat/public_html/bitrix/tools/public_session.php
    [REMOTE_PORT] => 36800
    [GATEWAY_INTERFACE] => CGI/1.1
    [SERVER_PROTOCOL] => HTTP/1.0
    [REQUEST_METHOD] => GET
    [QUERY_STRING] => k=4ba204c68ba28208a107c057200d7dc0.64423431ef0a7596a14bdfeac54ec21e66fe705c937e0b4dfd1d23f281d303c0
    [REQUEST_URI] => /bitrix/tools/public_session.php?k=4ba204c68ba28208a107c057200d7dc0.64423431ef0a7596a14bdfeac54ec21e66fe705c937e0b4dfd1d23f281d303c0
    [SCRIPT_NAME] => /bitrix/tools/public_session.php
    [PHP_SELF] => /bitrix/tools/public_session.php
    [REQUEST_TIME_FLOAT] => 1719295915.7027
    [REQUEST_TIME] => 1719295915
    [argv] => Array
        (
            [0] => k=4ba204c68ba28208a107c057200d7dc0.64423431ef0a7596a14bdfeac54ec21e66fe705c937e0b4dfd1d23f281d303c0
        )

    [argc] => 1
)
Array
(
    [HTTPS] => On
    [REMOTE_USER] => 
    [HTTP_HOST] => frolof-bitrix-7nxat.tw1.ru
    [HTTP_X_HTTPS] => 1
    [HTTP_X_FORWARDED_PROTO] => https
    [HTTP_CONNECTION] => close
    [HTTP_SEC_CH_UA] => "Not/A)Brand";v="8", "Chromium";v="126", "Google Chrome";v="126"
    [HTTP_X_BITRIX_CSRF_TOKEN] => 60524cc6e196c241527ff82b14fa1d4d
    [HTTP_SEC_CH_UA_MOBILE] => ?0
    [HTTP_BX_AJAX] => true
    [HTTP_USER_AGENT] => Mozilla/5.0 (Windows NT 10.0; Win64; x64) AppleWebKit/537.36 (KHTML, like Gecko) Chrome/126.0.0.0 Safari/537.36
    [HTTP_SEC_CH_UA_PLATFORM] => "Windows"
    [HTTP_ACCEPT] => */*
    [HTTP_SEC_FETCH_SITE] => same-origin
    [HTTP_SEC_FETCH_MODE] => cors
    [HTTP_SEC_FETCH_DEST] => empty
    [HTTP_REFERER] => https://frolof-bitrix-7nxat.tw1.ru/services/?clear_cache=Y
    [HTTP_ACCEPT_ENCODING] => gzip, deflate, br
    [HTTP_ACCEPT_LANGUAGE] => ru,ru-RU;q=0.9,en-US;q=0.8,en;q=0.7
    [HTTP_PRIORITY] => u=1, i
    [HTTP_COOKIE] => _ym_uid=1684149822432476169; _ga=GA1.1.1390228103.1689341009; _ga_3PDPXWLK32=GS1.1.1689341008.1.1.1689341186.0.0.0; _ym_d=1702391973; _ga_LTEDGNT3YB=GS1.1.1702393807.1.1.1702393851.0.0.0; BITRIX_SM_SOUND_LOGIN_PLAYED=Y; BX_USER_ID=3a02b9351801498a531c13983879b39a; BITRIX_SM_LOGIN=admin1c; BITRIX_CONVERSION_CONTEXT_s1=%7B%22ID%22%3A1%2C%22EXPIRE%22%3A1719349140%2C%22UNIQUE%22%3A%5B%22conversion_visit_day%22%5D%7D; PHPSESSID=y2zyIQI60D8ZzPX5eTuBNakTtkIesOH9; BITRIX_SM_SALE_UID=0
    [PATH] => /usr/local/sbin:/usr/local/bin:/usr/sbin:/usr/bin:/sbin:/bin:/snap/bin
    [SERVER_SIGNATURE] => 
    [SERVER_SOFTWARE] => Apache/2.4.29
    [SERVER_NAME] => frolof-bitrix-7nxat.tw1.ru
    [SERVER_ADDR] => 127.0.4.129
    [SERVER_PORT] => 80
    [REMOTE_ADDR] => 37.193.78.35
    [DOCUMENT_ROOT] => /home/f/frolof/bitrix_7nxat/public_html
    [REQUEST_SCHEME] => http
    [CONTEXT_PREFIX] => 
    [CONTEXT_DOCUMENT_ROOT] => /home/f/frolof/bitrix_7nxat/public_html
    [SERVER_ADMIN] => info@timeweb.ru
    [SCRIPT_FILENAME] => /home/f/frolof/bitrix_7nxat/public_html/bitrix/tools/public_session.php
    [REMOTE_PORT] => 36808
    [GATEWAY_INTERFACE] => CGI/1.1
    [SERVER_PROTOCOL] => HTTP/1.0
    [REQUEST_METHOD] => GET
    [QUERY_STRING] => k=60524cc6e196c241527ff82b14fa1d4d.61765d967c7f2517deff22435c01ab20a1e47d5f27580cf1fa262453b947c031
    [REQUEST_URI] => /bitrix/tools/public_session.php?k=60524cc6e196c241527ff82b14fa1d4d.61765d967c7f2517deff22435c01ab20a1e47d5f27580cf1fa262453b947c031
    [SCRIPT_NAME] => /bitrix/tools/public_session.php
    [PHP_SELF] => /bitrix/tools/public_session.php
    [REQUEST_TIME_FLOAT] => 1719295922.0348
    [REQUEST_TIME] => 1719295922
    [argv] => Array
        (
            [0] => k=60524cc6e196c241527ff82b14fa1d4d.61765d967c7f2517deff22435c01ab20a1e47d5f27580cf1fa262453b947c031
        )

    [argc] => 1
)
Array
(
    [HTTPS] => On
    [REMOTE_USER] => 
    [HTTP_HOST] => frolof-bitrix-7nxat.tw1.ru
    [HTTP_X_HTTPS] => 1
    [HTTP_X_FORWARDED_PROTO] => https
    [HTTP_CONNECTION] => close
    [HTTP_SEC_CH_UA] => "Not/A)Brand";v="8", "Chromium";v="126", "Google Chrome";v="126"
    [HTTP_X_BITRIX_CSRF_TOKEN] => 4ba204c68ba28208a107c057200d7dc0
    [HTTP_SEC_CH_UA_MOBILE] => ?0
    [HTTP_BX_AJAX] => true
    [HTTP_USER_AGENT] => Mozilla/5.0 (Windows NT 10.0; Win64; x64) AppleWebKit/537.36 (KHTML, like Gecko) Chrome/126.0.0.0 Safari/537.36
    [HTTP_SEC_CH_UA_PLATFORM] => "Windows"
    [HTTP_ACCEPT] => */*
    [HTTP_SEC_FETCH_SITE] => same-origin
    [HTTP_SEC_FETCH_MODE] => cors
    [HTTP_SEC_FETCH_DEST] => empty
    [HTTP_REFERER] => https://frolof-bitrix-7nxat.tw1.ru/catalog/med_1/
    [HTTP_ACCEPT_ENCODING] => gzip, deflate, br
    [HTTP_ACCEPT_LANGUAGE] => ru-RU,ru;q=0.9,en-US;q=0.8,en;q=0.7,la;q=0.6,bg;q=0.5,haw;q=0.4,ky;q=0.3,tg;q=0.2,sr;q=0.1
    [HTTP_PRIORITY] => u=1, i
    [HTTP_COOKIE] => _ym_uid=1695892490214562786; _ym_d=1695892490; BX_USER_ID=6aaa08204fbf375f58e2687db84f9b78; BITRIX_SM_LOGIN=admin; BITRIX_SM_SALE_UID=dd7a5ef40921c256e161b6287fa6da9b; PHPSESSID=0vdesYFcJ1509UrSOYcOuR4USGlZsFqH; BITRIX_SM_SOUND_LOGIN_PLAYED=Y; BITRIX_CONVERSION_CONTEXT_s1=%7B%22ID%22%3A1%2C%22EXPIRE%22%3A1719349140%2C%22UNIQUE%22%3A%5B%22conversion_visit_day%22%2C%22sale_cart_add_day%22%5D%7D
    [PATH] => /usr/local/sbin:/usr/local/bin:/usr/sbin:/usr/bin:/sbin:/bin:/snap/bin
    [SERVER_SIGNATURE] => 
    [SERVER_SOFTWARE] => Apache/2.4.29
    [SERVER_NAME] => frolof-bitrix-7nxat.tw1.ru
    [SERVER_ADDR] => 127.0.4.129
    [SERVER_PORT] => 80
    [REMOTE_ADDR] => 37.193.78.35
    [DOCUMENT_ROOT] => /home/f/frolof/bitrix_7nxat/public_html
    [REQUEST_SCHEME] => http
    [CONTEXT_PREFIX] => 
    [CONTEXT_DOCUMENT_ROOT] => /home/f/frolof/bitrix_7nxat/public_html
    [SERVER_ADMIN] => info@timeweb.ru
    [SCRIPT_FILENAME] => /home/f/frolof/bitrix_7nxat/public_html/bitrix/tools/public_session.php
    [REMOTE_PORT] => 58314
    [GATEWAY_INTERFACE] => CGI/1.1
    [SERVER_PROTOCOL] => HTTP/1.0
    [REQUEST_METHOD] => GET
    [QUERY_STRING] => k=4ba204c68ba28208a107c057200d7dc0.64423431ef0a7596a14bdfeac54ec21e66fe705c937e0b4dfd1d23f281d303c0
    [REQUEST_URI] => /bitrix/tools/public_session.php?k=4ba204c68ba28208a107c057200d7dc0.64423431ef0a7596a14bdfeac54ec21e66fe705c937e0b4dfd1d23f281d303c0
    [SCRIPT_NAME] => /bitrix/tools/public_session.php
    [PHP_SELF] => /bitrix/tools/public_session.php
    [REQUEST_TIME_FLOAT] => 1719295975.6875
    [REQUEST_TIME] => 1719295975
    [argv] => Array
        (
            [0] => k=4ba204c68ba28208a107c057200d7dc0.64423431ef0a7596a14bdfeac54ec21e66fe705c937e0b4dfd1d23f281d303c0
        )

    [argc] => 1
)
Array
(
    [HTTPS] => On
    [REMOTE_USER] => 
    [HTTP_HOST] => frolof-bitrix-7nxat.tw1.ru
    [HTTP_X_HTTPS] => 1
    [HTTP_X_FORWARDED_PROTO] => https
    [HTTP_CONNECTION] => close
    [HTTP_SEC_CH_UA] => "Not/A)Brand";v="8", "Chromium";v="126", "Google Chrome";v="126"
    [HTTP_X_BITRIX_CSRF_TOKEN] => 4ba204c68ba28208a107c057200d7dc0
    [HTTP_SEC_CH_UA_MOBILE] => ?0
    [HTTP_BX_AJAX] => true
    [HTTP_USER_AGENT] => Mozilla/5.0 (Windows NT 10.0; Win64; x64) AppleWebKit/537.36 (KHTML, like Gecko) Chrome/126.0.0.0 Safari/537.36
    [HTTP_SEC_CH_UA_PLATFORM] => "Windows"
    [HTTP_ACCEPT] => */*
    [HTTP_SEC_FETCH_SITE] => same-origin
    [HTTP_SEC_FETCH_MODE] => cors
    [HTTP_SEC_FETCH_DEST] => empty
    [HTTP_REFERER] => https://frolof-bitrix-7nxat.tw1.ru/catalog/med_1/
    [HTTP_ACCEPT_ENCODING] => gzip, deflate, br
    [HTTP_ACCEPT_LANGUAGE] => ru-RU,ru;q=0.9,en-US;q=0.8,en;q=0.7,la;q=0.6,bg;q=0.5,haw;q=0.4,ky;q=0.3,tg;q=0.2,sr;q=0.1
    [HTTP_PRIORITY] => u=1, i
    [HTTP_COOKIE] => _ym_uid=1695892490214562786; _ym_d=1695892490; BX_USER_ID=6aaa08204fbf375f58e2687db84f9b78; BITRIX_SM_LOGIN=admin; BITRIX_SM_SALE_UID=dd7a5ef40921c256e161b6287fa6da9b; PHPSESSID=0vdesYFcJ1509UrSOYcOuR4USGlZsFqH; BITRIX_SM_SOUND_LOGIN_PLAYED=Y; BITRIX_CONVERSION_CONTEXT_s1=%7B%22ID%22%3A1%2C%22EXPIRE%22%3A1719349140%2C%22UNIQUE%22%3A%5B%22conversion_visit_day%22%2C%22sale_cart_add_day%22%5D%7D
    [PATH] => /usr/local/sbin:/usr/local/bin:/usr/sbin:/usr/bin:/sbin:/bin:/snap/bin
    [SERVER_SIGNATURE] => 
    [SERVER_SOFTWARE] => Apache/2.4.29
    [SERVER_NAME] => frolof-bitrix-7nxat.tw1.ru
    [SERVER_ADDR] => 127.0.4.129
    [SERVER_PORT] => 80
    [REMOTE_ADDR] => 37.193.78.35
    [DOCUMENT_ROOT] => /home/f/frolof/bitrix_7nxat/public_html
    [REQUEST_SCHEME] => http
    [CONTEXT_PREFIX] => 
    [CONTEXT_DOCUMENT_ROOT] => /home/f/frolof/bitrix_7nxat/public_html
    [SERVER_ADMIN] => info@timeweb.ru
    [SCRIPT_FILENAME] => /home/f/frolof/bitrix_7nxat/public_html/bitrix/tools/public_session.php
    [REMOTE_PORT] => 48072
    [GATEWAY_INTERFACE] => CGI/1.1
    [SERVER_PROTOCOL] => HTTP/1.0
    [REQUEST_METHOD] => GET
    [QUERY_STRING] => k=4ba204c68ba28208a107c057200d7dc0.64423431ef0a7596a14bdfeac54ec21e66fe705c937e0b4dfd1d23f281d303c0
    [REQUEST_URI] => /bitrix/tools/public_session.php?k=4ba204c68ba28208a107c057200d7dc0.64423431ef0a7596a14bdfeac54ec21e66fe705c937e0b4dfd1d23f281d303c0
    [SCRIPT_NAME] => /bitrix/tools/public_session.php
    [PHP_SELF] => /bitrix/tools/public_session.php
    [REQUEST_TIME_FLOAT] => 1719296036.1449
    [REQUEST_TIME] => 1719296036
    [argv] => Array
        (
            [0] => k=4ba204c68ba28208a107c057200d7dc0.64423431ef0a7596a14bdfeac54ec21e66fe705c937e0b4dfd1d23f281d303c0
        )

    [argc] => 1
)
Array
(
    [HTTPS] => On
    [REMOTE_USER] => 
    [HTTP_HOST] => frolof-bitrix-7nxat.tw1.ru
    [HTTP_X_HTTPS] => 1
    [HTTP_X_FORWARDED_PROTO] => https
    [HTTP_CONNECTION] => close
    [HTTP_SEC_CH_UA] => "Not/A)Brand";v="8", "Chromium";v="126", "Google Chrome";v="126"
    [HTTP_X_BITRIX_CSRF_TOKEN] => 4ba204c68ba28208a107c057200d7dc0
    [HTTP_SEC_CH_UA_MOBILE] => ?0
    [HTTP_BX_AJAX] => true
    [HTTP_USER_AGENT] => Mozilla/5.0 (Windows NT 10.0; Win64; x64) AppleWebKit/537.36 (KHTML, like Gecko) Chrome/126.0.0.0 Safari/537.36
    [HTTP_SEC_CH_UA_PLATFORM] => "Windows"
    [HTTP_ACCEPT] => */*
    [HTTP_SEC_FETCH_SITE] => same-origin
    [HTTP_SEC_FETCH_MODE] => cors
    [HTTP_SEC_FETCH_DEST] => empty
    [HTTP_REFERER] => https://frolof-bitrix-7nxat.tw1.ru/catalog/med_1/
    [HTTP_ACCEPT_ENCODING] => gzip, deflate, br
    [HTTP_ACCEPT_LANGUAGE] => ru-RU,ru;q=0.9,en-US;q=0.8,en;q=0.7,la;q=0.6,bg;q=0.5,haw;q=0.4,ky;q=0.3,tg;q=0.2,sr;q=0.1
    [HTTP_PRIORITY] => u=1, i
    [HTTP_COOKIE] => _ym_uid=1695892490214562786; _ym_d=1695892490; BX_USER_ID=6aaa08204fbf375f58e2687db84f9b78; BITRIX_SM_LOGIN=admin; BITRIX_SM_SALE_UID=dd7a5ef40921c256e161b6287fa6da9b; PHPSESSID=0vdesYFcJ1509UrSOYcOuR4USGlZsFqH; BITRIX_SM_SOUND_LOGIN_PLAYED=Y; BITRIX_CONVERSION_CONTEXT_s1=%7B%22ID%22%3A1%2C%22EXPIRE%22%3A1719349140%2C%22UNIQUE%22%3A%5B%22conversion_visit_day%22%2C%22sale_cart_add_day%22%5D%7D
    [PATH] => /usr/local/sbin:/usr/local/bin:/usr/sbin:/usr/bin:/sbin:/bin:/snap/bin
    [SERVER_SIGNATURE] => 
    [SERVER_SOFTWARE] => Apache/2.4.29
    [SERVER_NAME] => frolof-bitrix-7nxat.tw1.ru
    [SERVER_ADDR] => 127.0.4.129
    [SERVER_PORT] => 80
    [REMOTE_ADDR] => 37.193.78.35
    [DOCUMENT_ROOT] => /home/f/frolof/bitrix_7nxat/public_html
    [REQUEST_SCHEME] => http
    [CONTEXT_PREFIX] => 
    [CONTEXT_DOCUMENT_ROOT] => /home/f/frolof/bitrix_7nxat/public_html
    [SERVER_ADMIN] => info@timeweb.ru
    [SCRIPT_FILENAME] => /home/f/frolof/bitrix_7nxat/public_html/bitrix/tools/public_session.php
    [REMOTE_PORT] => 42230
    [GATEWAY_INTERFACE] => CGI/1.1
    [SERVER_PROTOCOL] => HTTP/1.0
    [REQUEST_METHOD] => GET
    [QUERY_STRING] => k=4ba204c68ba28208a107c057200d7dc0.64423431ef0a7596a14bdfeac54ec21e66fe705c937e0b4dfd1d23f281d303c0
    [REQUEST_URI] => /bitrix/tools/public_session.php?k=4ba204c68ba28208a107c057200d7dc0.64423431ef0a7596a14bdfeac54ec21e66fe705c937e0b4dfd1d23f281d303c0
    [SCRIPT_NAME] => /bitrix/tools/public_session.php
    [PHP_SELF] => /bitrix/tools/public_session.php
    [REQUEST_TIME_FLOAT] => 1719296157.6145
    [REQUEST_TIME] => 1719296157
    [argv] => Array
        (
            [0] => k=4ba204c68ba28208a107c057200d7dc0.64423431ef0a7596a14bdfeac54ec21e66fe705c937e0b4dfd1d23f281d303c0
        )

    [argc] => 1
)
Array
(
    [REDIRECT_HTTPS] => On
    [REDIRECT_STATUS] => 200
    [HTTPS] => On
    [REMOTE_USER] => 
    [HTTP_HOST] => frolof-bitrix-7nxat.tw1.ru
    [HTTP_X_HTTPS] => 1
    [HTTP_X_FORWARDED_PROTO] => https
    [HTTP_CONNECTION] => close
    [HTTP_PRAGMA] => no-cache
    [HTTP_CACHE_CONTROL] => no-cache
    [HTTP_SEC_CH_UA] => "Not/A)Brand";v="8", "Chromium";v="126", "Google Chrome";v="126"
    [HTTP_SEC_CH_UA_MOBILE] => ?0
    [HTTP_SEC_CH_UA_PLATFORM] => "Windows"
    [HTTP_UPGRADE_INSECURE_REQUESTS] => 1
    [HTTP_USER_AGENT] => Mozilla/5.0 (Windows NT 10.0; Win64; x64) AppleWebKit/537.36 (KHTML, like Gecko) Chrome/126.0.0.0 Safari/537.36
    [HTTP_ACCEPT] => text/html,application/xhtml+xml,application/xml;q=0.9,image/avif,image/webp,image/apng,*/*;q=0.8,application/signed-exchange;v=b3;q=0.7
    [HTTP_SEC_FETCH_SITE] => same-origin
    [HTTP_SEC_FETCH_MODE] => navigate
    [HTTP_SEC_FETCH_USER] => ?1
    [HTTP_SEC_FETCH_DEST] => document
    [HTTP_REFERER] => https://frolof-bitrix-7nxat.tw1.ru/catalog/
    [HTTP_ACCEPT_ENCODING] => gzip, deflate, br
    [HTTP_ACCEPT_LANGUAGE] => ru-RU,ru;q=0.9,en-US;q=0.8,en;q=0.7,la;q=0.6,bg;q=0.5,haw;q=0.4,ky;q=0.3,tg;q=0.2,sr;q=0.1
    [HTTP_PRIORITY] => u=0, i
    [HTTP_COOKIE] => _ym_uid=1695892490214562786; _ym_d=1695892490; BX_USER_ID=6aaa08204fbf375f58e2687db84f9b78; BITRIX_SM_LOGIN=admin; BITRIX_SM_SALE_UID=dd7a5ef40921c256e161b6287fa6da9b; PHPSESSID=0vdesYFcJ1509UrSOYcOuR4USGlZsFqH; BITRIX_SM_SOUND_LOGIN_PLAYED=Y; BITRIX_CONVERSION_CONTEXT_s1=%7B%22ID%22%3A1%2C%22EXPIRE%22%3A1719349140%2C%22UNIQUE%22%3A%5B%22conversion_visit_day%22%2C%22sale_cart_add_day%22%5D%7D
    [PATH] => /usr/local/sbin:/usr/local/bin:/usr/sbin:/usr/bin:/sbin:/bin:/snap/bin
    [SERVER_SIGNATURE] => 
    [SERVER_SOFTWARE] => Apache/2.4.29
    [SERVER_NAME] => frolof-bitrix-7nxat.tw1.ru
    [SERVER_ADDR] => 127.0.4.129
    [SERVER_PORT] => 80
    [REMOTE_ADDR] => 37.193.78.35
    [DOCUMENT_ROOT] => /home/f/frolof/bitrix_7nxat/public_html
    [REQUEST_SCHEME] => http
    [CONTEXT_PREFIX] => 
    [CONTEXT_DOCUMENT_ROOT] => /home/f/frolof/bitrix_7nxat/public_html
    [SERVER_ADMIN] => info@timeweb.ru
    [SCRIPT_FILENAME] => /home/f/frolof/bitrix_7nxat/public_html/bitrix/urlrewrite.php
    [REMOTE_PORT] => 47916
    [REDIRECT_URL] => /catalog/med_1/
    [GATEWAY_INTERFACE] => CGI/1.1
    [SERVER_PROTOCOL] => HTTP/1.0
    [REQUEST_METHOD] => GET
    [QUERY_STRING] => 
    [REQUEST_URI] => /catalog/med_1/
    [SCRIPT_NAME] => /bitrix/urlrewrite.php
    [PHP_SELF] => /bitrix/urlrewrite.php
    [REQUEST_TIME_FLOAT] => 1719296215.8817
    [REQUEST_TIME] => 1719296215
    [argv] => Array
        (
        )

    [argc] => 0
    [REAL_FILE_PATH] => /catalog/index.php
)
Array
(
    [REDIRECT_HTTPS] => On
    [REDIRECT_STATUS] => 200
    [HTTPS] => On
    [REMOTE_USER] => 
    [HTTP_HOST] => frolof-bitrix-7nxat.tw1.ru
    [HTTP_X_HTTPS] => 1
    [HTTP_X_FORWARDED_PROTO] => https
    [HTTP_CONNECTION] => close
    [HTTP_PRAGMA] => no-cache
    [HTTP_CACHE_CONTROL] => no-cache
    [HTTP_SEC_CH_UA] => "Not/A)Brand";v="8", "Chromium";v="126", "Google Chrome";v="126"
    [HTTP_SEC_CH_UA_MOBILE] => ?0
    [HTTP_USER_AGENT] => Mozilla/5.0 (Windows NT 10.0; Win64; x64) AppleWebKit/537.36 (KHTML, like Gecko) Chrome/126.0.0.0 Safari/537.36
    [HTTP_SEC_CH_UA_PLATFORM] => "Windows"
    [HTTP_ACCEPT] => image/avif,image/webp,image/apng,image/svg+xml,image/*,*/*;q=0.8
    [HTTP_SEC_FETCH_SITE] => same-origin
    [HTTP_SEC_FETCH_MODE] => no-cors
    [HTTP_SEC_FETCH_DEST] => image
    [HTTP_REFERER] => https://frolof-bitrix-7nxat.tw1.ru/catalog/med_1/
    [HTTP_ACCEPT_ENCODING] => gzip, deflate, br
    [HTTP_ACCEPT_LANGUAGE] => ru-RU,ru;q=0.9,en-US;q=0.8,en;q=0.7,la;q=0.6,bg;q=0.5,haw;q=0.4,ky;q=0.3,tg;q=0.2,sr;q=0.1
    [HTTP_PRIORITY] => u=1, i
    [HTTP_COOKIE] => _ym_uid=1695892490214562786; _ym_d=1695892490; BX_USER_ID=6aaa08204fbf375f58e2687db84f9b78; BITRIX_SM_LOGIN=admin; BITRIX_SM_SALE_UID=dd7a5ef40921c256e161b6287fa6da9b; PHPSESSID=0vdesYFcJ1509UrSOYcOuR4USGlZsFqH; BITRIX_SM_SOUND_LOGIN_PLAYED=Y; BITRIX_CONVERSION_CONTEXT_s1=%7B%22ID%22%3A1%2C%22EXPIRE%22%3A1719349140%2C%22UNIQUE%22%3A%5B%22conversion_visit_day%22%2C%22sale_cart_add_day%22%5D%7D
    [PATH] => /usr/local/sbin:/usr/local/bin:/usr/sbin:/usr/bin:/sbin:/bin:/snap/bin
    [SERVER_SIGNATURE] => 
    [SERVER_SOFTWARE] => Apache/2.4.29
    [SERVER_NAME] => frolof-bitrix-7nxat.tw1.ru
    [SERVER_ADDR] => 127.0.4.129
    [SERVER_PORT] => 80
    [REMOTE_ADDR] => 37.193.78.35
    [DOCUMENT_ROOT] => /home/f/frolof/bitrix_7nxat/public_html
    [REQUEST_SCHEME] => http
    [CONTEXT_PREFIX] => 
    [CONTEXT_DOCUMENT_ROOT] => /home/f/frolof/bitrix_7nxat/public_html
    [SERVER_ADMIN] => info@timeweb.ru
    [SCRIPT_FILENAME] => /home/f/frolof/bitrix_7nxat/public_html/bitrix/urlrewrite.php
    [REMOTE_PORT] => 47930
    [REDIRECT_URL] => /favicon.ico
    [GATEWAY_INTERFACE] => CGI/1.1
    [SERVER_PROTOCOL] => HTTP/1.0
    [REQUEST_METHOD] => GET
    [QUERY_STRING] => 
    [REQUEST_URI] => /favicon.ico
    [SCRIPT_NAME] => /bitrix/urlrewrite.php
    [PHP_SELF] => /bitrix/urlrewrite.php
    [REQUEST_TIME_FLOAT] => 1719296220.4779
    [REQUEST_TIME] => 1719296220
    [argv] => Array
        (
        )

    [argc] => 0
)
Array
(
    [HTTPS] => On
    [REMOTE_USER] => 
    [HTTP_HOST] => frolof-bitrix-7nxat.tw1.ru
    [HTTP_X_HTTPS] => 1
    [HTTP_X_FORWARDED_PROTO] => https
    [HTTP_CONNECTION] => close
    [HTTP_SEC_CH_UA] => "Not/A)Brand";v="8", "Chromium";v="126", "Google Chrome";v="126"
    [HTTP_X_BITRIX_CSRF_TOKEN] => 4ba204c68ba28208a107c057200d7dc0
    [HTTP_SEC_CH_UA_MOBILE] => ?0
    [HTTP_BX_AJAX] => true
    [HTTP_USER_AGENT] => Mozilla/5.0 (Windows NT 10.0; Win64; x64) AppleWebKit/537.36 (KHTML, like Gecko) Chrome/126.0.0.0 Safari/537.36
    [HTTP_SEC_CH_UA_PLATFORM] => "Windows"
    [HTTP_ACCEPT] => */*
    [HTTP_SEC_FETCH_SITE] => same-origin
    [HTTP_SEC_FETCH_MODE] => cors
    [HTTP_SEC_FETCH_DEST] => empty
    [HTTP_REFERER] => https://frolof-bitrix-7nxat.tw1.ru/catalog/med_1/
    [HTTP_ACCEPT_ENCODING] => gzip, deflate, br
    [HTTP_ACCEPT_LANGUAGE] => ru-RU,ru;q=0.9,en-US;q=0.8,en;q=0.7,la;q=0.6,bg;q=0.5,haw;q=0.4,ky;q=0.3,tg;q=0.2,sr;q=0.1
    [HTTP_PRIORITY] => u=1, i
    [HTTP_COOKIE] => _ym_uid=1695892490214562786; _ym_d=1695892490; BX_USER_ID=6aaa08204fbf375f58e2687db84f9b78; BITRIX_SM_LOGIN=admin; BITRIX_SM_SALE_UID=dd7a5ef40921c256e161b6287fa6da9b; PHPSESSID=0vdesYFcJ1509UrSOYcOuR4USGlZsFqH; BITRIX_SM_SOUND_LOGIN_PLAYED=Y; BITRIX_CONVERSION_CONTEXT_s1=%7B%22ID%22%3A1%2C%22EXPIRE%22%3A1719349140%2C%22UNIQUE%22%3A%5B%22conversion_visit_day%22%2C%22sale_cart_add_day%22%5D%7D
    [PATH] => /usr/local/sbin:/usr/local/bin:/usr/sbin:/usr/bin:/sbin:/bin:/snap/bin
    [SERVER_SIGNATURE] => 
    [SERVER_SOFTWARE] => Apache/2.4.29
    [SERVER_NAME] => frolof-bitrix-7nxat.tw1.ru
    [SERVER_ADDR] => 127.0.4.129
    [SERVER_PORT] => 80
    [REMOTE_ADDR] => 37.193.78.35
    [DOCUMENT_ROOT] => /home/f/frolof/bitrix_7nxat/public_html
    [REQUEST_SCHEME] => http
    [CONTEXT_PREFIX] => 
    [CONTEXT_DOCUMENT_ROOT] => /home/f/frolof/bitrix_7nxat/public_html
    [SERVER_ADMIN] => info@timeweb.ru
    [SCRIPT_FILENAME] => /home/f/frolof/bitrix_7nxat/public_html/bitrix/tools/public_session.php
    [REMOTE_PORT] => 47512
    [GATEWAY_INTERFACE] => CGI/1.1
    [SERVER_PROTOCOL] => HTTP/1.0
    [REQUEST_METHOD] => GET
    [QUERY_STRING] => k=4ba204c68ba28208a107c057200d7dc0.64423431ef0a7596a14bdfeac54ec21e66fe705c937e0b4dfd1d23f281d303c0
    [REQUEST_URI] => /bitrix/tools/public_session.php?k=4ba204c68ba28208a107c057200d7dc0.64423431ef0a7596a14bdfeac54ec21e66fe705c937e0b4dfd1d23f281d303c0
    [SCRIPT_NAME] => /bitrix/tools/public_session.php
    [PHP_SELF] => /bitrix/tools/public_session.php
    [REQUEST_TIME_FLOAT] => 1719296280.1547
    [REQUEST_TIME] => 1719296280
    [argv] => Array
        (
            [0] => k=4ba204c68ba28208a107c057200d7dc0.64423431ef0a7596a14bdfeac54ec21e66fe705c937e0b4dfd1d23f281d303c0
        )

    [argc] => 1
)
Array
(
    [HTTPS] => On
    [REMOTE_USER] => Basic YWRtaW4xYzpjSzFFZVQqdTdKWDleWmVZwrY=
    [HTTP_HOST] => frolof-bitrix-7nxat.tw1.ru
    [HTTP_X_HTTPS] => 1
    [HTTP_X_FORWARDED_PROTO] => https
    [HTTP_CONNECTION] => close
    [CONTENT_LENGTH] => 0
    [HTTP_USER_AGENT] => 1C+Enterprise/8.3
    [HTTP_ACCEPT] => */*
    [CONTENT_TYPE] => application/x-www-form-urlencoded
    [PATH] => /usr/local/sbin:/usr/local/bin:/usr/sbin:/usr/bin:/sbin:/bin:/snap/bin
    [SERVER_SIGNATURE] => 
    [SERVER_SOFTWARE] => Apache/2.4.29
    [SERVER_NAME] => frolof-bitrix-7nxat.tw1.ru
    [SERVER_ADDR] => 127.0.4.129
    [SERVER_PORT] => 80
    [REMOTE_ADDR] => 178.49.95.56
    [DOCUMENT_ROOT] => /home/f/frolof/bitrix_7nxat/public_html
    [REQUEST_SCHEME] => http
    [CONTEXT_PREFIX] => 
    [CONTEXT_DOCUMENT_ROOT] => /home/f/frolof/bitrix_7nxat/public_html
    [SERVER_ADMIN] => info@timeweb.ru
    [SCRIPT_FILENAME] => /home/f/frolof/bitrix_7nxat/public_html/bitrix/admin/1c_exchange.php
    [REMOTE_PORT] => 47524
    [GATEWAY_INTERFACE] => CGI/1.1
    [SERVER_PROTOCOL] => HTTP/1.0
    [REQUEST_METHOD] => POST
    [QUERY_STRING] => type=catalog&mode=checkauth
    [REQUEST_URI] => /bitrix/admin/1c_exchange.php?type=catalog&mode=checkauth
    [SCRIPT_NAME] => /bitrix/admin/1c_exchange.php
    [PHP_SELF] => /bitrix/admin/1c_exchange.php
    [PHP_AUTH_USER] => admin1c
    [PHP_AUTH_PW] => cK1EeT*u7JX9^ZeY¶
    [REQUEST_TIME_FLOAT] => 1719296280.2411
    [REQUEST_TIME] => 1719296280
    [argv] => Array
        (
            [0] => type=catalog&mode=checkauth
        )

    [argc] => 1
)
Array
(
    [HTTPS] => On
    [REMOTE_USER] => 
    [HTTP_HOST] => frolof-bitrix-7nxat.tw1.ru
    [HTTP_X_HTTPS] => 1
    [HTTP_X_FORWARDED_PROTO] => https
    [HTTP_CONNECTION] => close
    [HTTP_SEC_CH_UA] => "Not/A)Brand";v="8", "Chromium";v="126", "Google Chrome";v="126"
    [HTTP_X_BITRIX_CSRF_TOKEN] => 4ba204c68ba28208a107c057200d7dc0
    [HTTP_SEC_CH_UA_MOBILE] => ?0
    [HTTP_BX_AJAX] => true
    [HTTP_USER_AGENT] => Mozilla/5.0 (Windows NT 10.0; Win64; x64) AppleWebKit/537.36 (KHTML, like Gecko) Chrome/126.0.0.0 Safari/537.36
    [HTTP_SEC_CH_UA_PLATFORM] => "Windows"
    [HTTP_ACCEPT] => */*
    [HTTP_SEC_FETCH_SITE] => same-origin
    [HTTP_SEC_FETCH_MODE] => cors
    [HTTP_SEC_FETCH_DEST] => empty
    [HTTP_REFERER] => https://frolof-bitrix-7nxat.tw1.ru/catalog/med_1/
    [HTTP_ACCEPT_ENCODING] => gzip, deflate, br
    [HTTP_ACCEPT_LANGUAGE] => ru-RU,ru;q=0.9,en-US;q=0.8,en;q=0.7,la;q=0.6,bg;q=0.5,haw;q=0.4,ky;q=0.3,tg;q=0.2,sr;q=0.1
    [HTTP_PRIORITY] => u=1, i
    [HTTP_COOKIE] => _ym_uid=1695892490214562786; _ym_d=1695892490; BX_USER_ID=6aaa08204fbf375f58e2687db84f9b78; BITRIX_SM_LOGIN=admin; BITRIX_SM_SALE_UID=dd7a5ef40921c256e161b6287fa6da9b; PHPSESSID=0vdesYFcJ1509UrSOYcOuR4USGlZsFqH; BITRIX_SM_SOUND_LOGIN_PLAYED=Y; BITRIX_CONVERSION_CONTEXT_s1=%7B%22ID%22%3A1%2C%22EXPIRE%22%3A1719349140%2C%22UNIQUE%22%3A%5B%22conversion_visit_day%22%2C%22sale_cart_add_day%22%5D%7D
    [PATH] => /usr/local/sbin:/usr/local/bin:/usr/sbin:/usr/bin:/sbin:/bin:/snap/bin
    [SERVER_SIGNATURE] => 
    [SERVER_SOFTWARE] => Apache/2.4.29
    [SERVER_NAME] => frolof-bitrix-7nxat.tw1.ru
    [SERVER_ADDR] => 127.0.4.129
    [SERVER_PORT] => 80
    [REMOTE_ADDR] => 37.193.78.35
    [DOCUMENT_ROOT] => /home/f/frolof/bitrix_7nxat/public_html
    [REQUEST_SCHEME] => http
    [CONTEXT_PREFIX] => 
    [CONTEXT_DOCUMENT_ROOT] => /home/f/frolof/bitrix_7nxat/public_html
    [SERVER_ADMIN] => info@timeweb.ru
    [SCRIPT_FILENAME] => /home/f/frolof/bitrix_7nxat/public_html/bitrix/tools/public_session.php
    [REMOTE_PORT] => 33282
    [GATEWAY_INTERFACE] => CGI/1.1
    [SERVER_PROTOCOL] => HTTP/1.0
    [REQUEST_METHOD] => GET
    [QUERY_STRING] => k=4ba204c68ba28208a107c057200d7dc0.64423431ef0a7596a14bdfeac54ec21e66fe705c937e0b4dfd1d23f281d303c0
    [REQUEST_URI] => /bitrix/tools/public_session.php?k=4ba204c68ba28208a107c057200d7dc0.64423431ef0a7596a14bdfeac54ec21e66fe705c937e0b4dfd1d23f281d303c0
    [SCRIPT_NAME] => /bitrix/tools/public_session.php
    [PHP_SELF] => /bitrix/tools/public_session.php
    [REQUEST_TIME_FLOAT] => 1719296386.2571
    [REQUEST_TIME] => 1719296386
    [argv] => Array
        (
            [0] => k=4ba204c68ba28208a107c057200d7dc0.64423431ef0a7596a14bdfeac54ec21e66fe705c937e0b4dfd1d23f281d303c0
        )

    [argc] => 1
)
Array
(
    [HTTPS] => On
    [REMOTE_USER] => 
    [HTTP_HOST] => frolof-bitrix-7nxat.tw1.ru
    [HTTP_X_HTTPS] => 1
    [HTTP_X_FORWARDED_PROTO] => https
    [HTTP_CONNECTION] => close
    [HTTP_CACHE_CONTROL] => max-age=0
    [HTTP_SEC_CH_UA] => "Not/A)Brand";v="8", "Chromium";v="126", "Google Chrome";v="126"
    [HTTP_SEC_CH_UA_MOBILE] => ?0
    [HTTP_SEC_CH_UA_PLATFORM] => "Windows"
    [HTTP_UPGRADE_INSECURE_REQUESTS] => 1
    [HTTP_USER_AGENT] => Mozilla/5.0 (Windows NT 10.0; Win64; x64) AppleWebKit/537.36 (KHTML, like Gecko) Chrome/126.0.0.0 Safari/537.36
    [HTTP_ACCEPT] => text/html,application/xhtml+xml,application/xml;q=0.9,image/avif,image/webp,image/apng,*/*;q=0.8,application/signed-exchange;v=b3;q=0.7
    [HTTP_SEC_FETCH_SITE] => none
    [HTTP_SEC_FETCH_MODE] => navigate
    [HTTP_SEC_FETCH_USER] => ?1
    [HTTP_SEC_FETCH_DEST] => document
    [HTTP_ACCEPT_ENCODING] => gzip, deflate, br, zstd
    [HTTP_ACCEPT_LANGUAGE] => ru-RU,ru;q=0.9,en-US;q=0.8,en;q=0.7
    [HTTP_PRIORITY] => u=0, i
    [HTTP_COOKIE] => PHPSESSID=ewe48yQZtnTa7dxXw0IIxsK1HOcAFXJ2; BX_USER_ID=01f03d85f28aad71f233f6d0820b84fe; BITRIX_SM_SALE_UID=dd7a5ef40921c256e161b6287fa6da9b; BITRIX_SM_LOGIN=admin1c; BITRIX_SM_SOUND_LOGIN_PLAYED=Y
    [PATH] => /usr/local/sbin:/usr/local/bin:/usr/sbin:/usr/bin:/sbin:/bin:/snap/bin
    [SERVER_SIGNATURE] => 
    [SERVER_SOFTWARE] => Apache/2.4.29
    [SERVER_NAME] => frolof-bitrix-7nxat.tw1.ru
    [SERVER_ADDR] => 127.0.4.129
    [SERVER_PORT] => 80
    [REMOTE_ADDR] => 46.147.222.160
    [DOCUMENT_ROOT] => /home/f/frolof/bitrix_7nxat/public_html
    [REQUEST_SCHEME] => http
    [CONTEXT_PREFIX] => 
    [CONTEXT_DOCUMENT_ROOT] => /home/f/frolof/bitrix_7nxat/public_html
    [SERVER_ADMIN] => info@timeweb.ru
    [SCRIPT_FILENAME] => /home/f/frolof/bitrix_7nxat/public_html/bitrix/admin/1c_exchange.php
    [REMOTE_PORT] => 33288
    [GATEWAY_INTERFACE] => CGI/1.1
    [SERVER_PROTOCOL] => HTTP/1.0
    [REQUEST_METHOD] => GET
    [QUERY_STRING] => type=catalog&mode=checkauth
    [REQUEST_URI] => /bitrix/admin/1c_exchange.php?type=catalog&mode=checkauth
    [SCRIPT_NAME] => /bitrix/admin/1c_exchange.php
    [PHP_SELF] => /bitrix/admin/1c_exchange.php
    [REQUEST_TIME_FLOAT] => 1719296388.3061
    [REQUEST_TIME] => 1719296388
    [argv] => Array
        (
            [0] => type=catalog&mode=checkauth
        )

    [argc] => 1
)
Array
(
    [HTTPS] => On
    [REMOTE_USER] => 
    [HTTP_HOST] => frolof-bitrix-7nxat.tw1.ru
    [HTTP_X_HTTPS] => 1
    [HTTP_X_FORWARDED_PROTO] => https
    [HTTP_CONNECTION] => close
    [HTTP_SEC_CH_UA] => "Not/A)Brand";v="8", "Chromium";v="126", "Google Chrome";v="126"
    [HTTP_X_BITRIX_CSRF_TOKEN] => 60524cc6e196c241527ff82b14fa1d4d
    [HTTP_SEC_CH_UA_MOBILE] => ?0
    [HTTP_BX_AJAX] => true
    [HTTP_USER_AGENT] => Mozilla/5.0 (Windows NT 10.0; Win64; x64) AppleWebKit/537.36 (KHTML, like Gecko) Chrome/126.0.0.0 Safari/537.36
    [HTTP_SEC_CH_UA_PLATFORM] => "Windows"
    [HTTP_ACCEPT] => */*
    [HTTP_SEC_FETCH_SITE] => same-origin
    [HTTP_SEC_FETCH_MODE] => cors
    [HTTP_SEC_FETCH_DEST] => empty
    [HTTP_REFERER] => https://frolof-bitrix-7nxat.tw1.ru/services/?clear_cache=Y
    [HTTP_ACCEPT_ENCODING] => gzip, deflate, br
    [HTTP_ACCEPT_LANGUAGE] => ru,ru-RU;q=0.9,en-US;q=0.8,en;q=0.7
    [HTTP_PRIORITY] => u=1, i
    [HTTP_COOKIE] => _ym_uid=1684149822432476169; _ga=GA1.1.1390228103.1689341009; _ga_3PDPXWLK32=GS1.1.1689341008.1.1.1689341186.0.0.0; _ym_d=1702391973; _ga_LTEDGNT3YB=GS1.1.1702393807.1.1.1702393851.0.0.0; BITRIX_SM_SOUND_LOGIN_PLAYED=Y; BX_USER_ID=3a02b9351801498a531c13983879b39a; BITRIX_SM_LOGIN=admin1c; BITRIX_CONVERSION_CONTEXT_s1=%7B%22ID%22%3A1%2C%22EXPIRE%22%3A1719349140%2C%22UNIQUE%22%3A%5B%22conversion_visit_day%22%5D%7D; PHPSESSID=y2zyIQI60D8ZzPX5eTuBNakTtkIesOH9; BITRIX_SM_SALE_UID=0
    [PATH] => /usr/local/sbin:/usr/local/bin:/usr/sbin:/usr/bin:/sbin:/bin:/snap/bin
    [SERVER_SIGNATURE] => 
    [SERVER_SOFTWARE] => Apache/2.4.29
    [SERVER_NAME] => frolof-bitrix-7nxat.tw1.ru
    [SERVER_ADDR] => 127.0.4.129
    [SERVER_PORT] => 80
    [REMOTE_ADDR] => 37.193.78.35
    [DOCUMENT_ROOT] => /home/f/frolof/bitrix_7nxat/public_html
    [REQUEST_SCHEME] => http
    [CONTEXT_PREFIX] => 
    [CONTEXT_DOCUMENT_ROOT] => /home/f/frolof/bitrix_7nxat/public_html
    [SERVER_ADMIN] => info@timeweb.ru
    [SCRIPT_FILENAME] => /home/f/frolof/bitrix_7nxat/public_html/bitrix/tools/public_session.php
    [REMOTE_PORT] => 33296
    [GATEWAY_INTERFACE] => CGI/1.1
    [SERVER_PROTOCOL] => HTTP/1.0
    [REQUEST_METHOD] => GET
    [QUERY_STRING] => k=60524cc6e196c241527ff82b14fa1d4d.61765d967c7f2517deff22435c01ab20a1e47d5f27580cf1fa262453b947c031
    [REQUEST_URI] => /bitrix/tools/public_session.php?k=60524cc6e196c241527ff82b14fa1d4d.61765d967c7f2517deff22435c01ab20a1e47d5f27580cf1fa262453b947c031
    [SCRIPT_NAME] => /bitrix/tools/public_session.php
    [PHP_SELF] => /bitrix/tools/public_session.php
    [REQUEST_TIME_FLOAT] => 1719296392.0414
    [REQUEST_TIME] => 1719296392
    [argv] => Array
        (
            [0] => k=60524cc6e196c241527ff82b14fa1d4d.61765d967c7f2517deff22435c01ab20a1e47d5f27580cf1fa262453b947c031
        )

    [argc] => 1
)
Array
(
    [HTTPS] => On
    [REMOTE_USER] => 
    [HTTP_HOST] => frolof-bitrix-7nxat.tw1.ru
    [HTTP_X_HTTPS] => 1
    [HTTP_X_FORWARDED_PROTO] => https
    [HTTP_CONNECTION] => close
    [HTTP_SEC_CH_UA] => "Not/A)Brand";v="8", "Chromium";v="126", "Google Chrome";v="126"
    [HTTP_X_BITRIX_CSRF_TOKEN] => 4ba204c68ba28208a107c057200d7dc0
    [HTTP_SEC_CH_UA_MOBILE] => ?0
    [HTTP_BX_AJAX] => true
    [HTTP_USER_AGENT] => Mozilla/5.0 (Windows NT 10.0; Win64; x64) AppleWebKit/537.36 (KHTML, like Gecko) Chrome/126.0.0.0 Safari/537.36
    [HTTP_SEC_CH_UA_PLATFORM] => "Windows"
    [HTTP_ACCEPT] => */*
    [HTTP_SEC_FETCH_SITE] => same-origin
    [HTTP_SEC_FETCH_MODE] => cors
    [HTTP_SEC_FETCH_DEST] => empty
    [HTTP_REFERER] => https://frolof-bitrix-7nxat.tw1.ru/catalog/med_1/
    [HTTP_ACCEPT_ENCODING] => gzip, deflate, br
    [HTTP_ACCEPT_LANGUAGE] => ru-RU,ru;q=0.9,en-US;q=0.8,en;q=0.7,la;q=0.6,bg;q=0.5,haw;q=0.4,ky;q=0.3,tg;q=0.2,sr;q=0.1
    [HTTP_PRIORITY] => u=1, i
    [HTTP_COOKIE] => _ym_uid=1695892490214562786; _ym_d=1695892490; BX_USER_ID=6aaa08204fbf375f58e2687db84f9b78; BITRIX_SM_LOGIN=admin; BITRIX_SM_SALE_UID=dd7a5ef40921c256e161b6287fa6da9b; PHPSESSID=0vdesYFcJ1509UrSOYcOuR4USGlZsFqH; BITRIX_SM_SOUND_LOGIN_PLAYED=Y; BITRIX_CONVERSION_CONTEXT_s1=%7B%22ID%22%3A1%2C%22EXPIRE%22%3A1719349140%2C%22UNIQUE%22%3A%5B%22conversion_visit_day%22%2C%22sale_cart_add_day%22%5D%7D
    [PATH] => /usr/local/sbin:/usr/local/bin:/usr/sbin:/usr/bin:/sbin:/bin:/snap/bin
    [SERVER_SIGNATURE] => 
    [SERVER_SOFTWARE] => Apache/2.4.29
    [SERVER_NAME] => frolof-bitrix-7nxat.tw1.ru
    [SERVER_ADDR] => 127.0.4.129
    [SERVER_PORT] => 80
    [REMOTE_ADDR] => 37.193.78.35
    [DOCUMENT_ROOT] => /home/f/frolof/bitrix_7nxat/public_html
    [REQUEST_SCHEME] => http
    [CONTEXT_PREFIX] => 
    [CONTEXT_DOCUMENT_ROOT] => /home/f/frolof/bitrix_7nxat/public_html
    [SERVER_ADMIN] => info@timeweb.ru
    [SCRIPT_FILENAME] => /home/f/frolof/bitrix_7nxat/public_html/bitrix/tools/public_session.php
    [REMOTE_PORT] => 40600
    [GATEWAY_INTERFACE] => CGI/1.1
    [SERVER_PROTOCOL] => HTTP/1.0
    [REQUEST_METHOD] => GET
    [QUERY_STRING] => k=4ba204c68ba28208a107c057200d7dc0.64423431ef0a7596a14bdfeac54ec21e66fe705c937e0b4dfd1d23f281d303c0
    [REQUEST_URI] => /bitrix/tools/public_session.php?k=4ba204c68ba28208a107c057200d7dc0.64423431ef0a7596a14bdfeac54ec21e66fe705c937e0b4dfd1d23f281d303c0
    [SCRIPT_NAME] => /bitrix/tools/public_session.php
    [PHP_SELF] => /bitrix/tools/public_session.php
    [REQUEST_TIME_FLOAT] => 1719296458.1709
    [REQUEST_TIME] => 1719296458
    [argv] => Array
        (
            [0] => k=4ba204c68ba28208a107c057200d7dc0.64423431ef0a7596a14bdfeac54ec21e66fe705c937e0b4dfd1d23f281d303c0
        )

    [argc] => 1
)
Array
(
    [HTTPS] => On
    [REMOTE_USER] => 
    [HTTP_HOST] => frolof-bitrix-7nxat.tw1.ru
    [HTTP_X_HTTPS] => 1
    [HTTP_X_FORWARDED_PROTO] => https
    [HTTP_CONNECTION] => close
    [HTTP_SEC_CH_UA] => "Not/A)Brand";v="8", "Chromium";v="126", "Google Chrome";v="126"
    [HTTP_X_BITRIX_CSRF_TOKEN] => 4ba204c68ba28208a107c057200d7dc0
    [HTTP_SEC_CH_UA_MOBILE] => ?0
    [HTTP_BX_AJAX] => true
    [HTTP_USER_AGENT] => Mozilla/5.0 (Windows NT 10.0; Win64; x64) AppleWebKit/537.36 (KHTML, like Gecko) Chrome/126.0.0.0 Safari/537.36
    [HTTP_SEC_CH_UA_PLATFORM] => "Windows"
    [HTTP_ACCEPT] => */*
    [HTTP_SEC_FETCH_SITE] => same-origin
    [HTTP_SEC_FETCH_MODE] => cors
    [HTTP_SEC_FETCH_DEST] => empty
    [HTTP_REFERER] => https://frolof-bitrix-7nxat.tw1.ru/catalog/med_1/
    [HTTP_ACCEPT_ENCODING] => gzip, deflate, br
    [HTTP_ACCEPT_LANGUAGE] => ru-RU,ru;q=0.9,en-US;q=0.8,en;q=0.7,la;q=0.6,bg;q=0.5,haw;q=0.4,ky;q=0.3,tg;q=0.2,sr;q=0.1
    [HTTP_PRIORITY] => u=1, i
    [HTTP_COOKIE] => _ym_uid=1695892490214562786; _ym_d=1695892490; BX_USER_ID=6aaa08204fbf375f58e2687db84f9b78; BITRIX_SM_LOGIN=admin; BITRIX_SM_SALE_UID=dd7a5ef40921c256e161b6287fa6da9b; PHPSESSID=0vdesYFcJ1509UrSOYcOuR4USGlZsFqH; BITRIX_SM_SOUND_LOGIN_PLAYED=Y; BITRIX_CONVERSION_CONTEXT_s1=%7B%22ID%22%3A1%2C%22EXPIRE%22%3A1719349140%2C%22UNIQUE%22%3A%5B%22conversion_visit_day%22%2C%22sale_cart_add_day%22%5D%7D
    [PATH] => /usr/local/sbin:/usr/local/bin:/usr/sbin:/usr/bin:/sbin:/bin:/snap/bin
    [SERVER_SIGNATURE] => 
    [SERVER_SOFTWARE] => Apache/2.4.29
    [SERVER_NAME] => frolof-bitrix-7nxat.tw1.ru
    [SERVER_ADDR] => 127.0.4.129
    [SERVER_PORT] => 80
    [REMOTE_ADDR] => 37.193.78.35
    [DOCUMENT_ROOT] => /home/f/frolof/bitrix_7nxat/public_html
    [REQUEST_SCHEME] => http
    [CONTEXT_PREFIX] => 
    [CONTEXT_DOCUMENT_ROOT] => /home/f/frolof/bitrix_7nxat/public_html
    [SERVER_ADMIN] => info@timeweb.ru
    [SCRIPT_FILENAME] => /home/f/frolof/bitrix_7nxat/public_html/bitrix/tools/public_session.php
    [REMOTE_PORT] => 52684
    [GATEWAY_INTERFACE] => CGI/1.1
    [SERVER_PROTOCOL] => HTTP/1.0
    [REQUEST_METHOD] => GET
    [QUERY_STRING] => k=4ba204c68ba28208a107c057200d7dc0.64423431ef0a7596a14bdfeac54ec21e66fe705c937e0b4dfd1d23f281d303c0
    [REQUEST_URI] => /bitrix/tools/public_session.php?k=4ba204c68ba28208a107c057200d7dc0.64423431ef0a7596a14bdfeac54ec21e66fe705c937e0b4dfd1d23f281d303c0
    [SCRIPT_NAME] => /bitrix/tools/public_session.php
    [PHP_SELF] => /bitrix/tools/public_session.php
    [REQUEST_TIME_FLOAT] => 1719296520.1502
    [REQUEST_TIME] => 1719296520
    [argv] => Array
        (
            [0] => k=4ba204c68ba28208a107c057200d7dc0.64423431ef0a7596a14bdfeac54ec21e66fe705c937e0b4dfd1d23f281d303c0
        )

    [argc] => 1
)
Array
(
    [REDIRECT_HTTPS] => On
    [REDIRECT_STATUS] => 200
    [HTTPS] => On
    [REMOTE_USER] => 
    [HTTP_HOST] => frolof-bitrix-7nxat.tw1.ru
    [HTTP_X_HTTPS] => 1
    [HTTP_X_FORWARDED_PROTO] => https
    [HTTP_CONNECTION] => close
    [HTTP_PRAGMA] => no-cache
    [HTTP_CACHE_CONTROL] => no-cache
    [HTTP_SEC_CH_UA] => "Not/A)Brand";v="8", "Chromium";v="126", "Google Chrome";v="126"
    [HTTP_SEC_CH_UA_MOBILE] => ?0
    [HTTP_SEC_CH_UA_PLATFORM] => "Windows"
    [HTTP_UPGRADE_INSECURE_REQUESTS] => 1
    [HTTP_USER_AGENT] => Mozilla/5.0 (Windows NT 10.0; Win64; x64) AppleWebKit/537.36 (KHTML, like Gecko) Chrome/126.0.0.0 Safari/537.36
    [HTTP_ACCEPT] => text/html,application/xhtml+xml,application/xml;q=0.9,image/avif,image/webp,image/apng,*/*;q=0.8,application/signed-exchange;v=b3;q=0.7
    [HTTP_SEC_FETCH_SITE] => same-origin
    [HTTP_SEC_FETCH_MODE] => navigate
    [HTTP_SEC_FETCH_USER] => ?1
    [HTTP_SEC_FETCH_DEST] => document
    [HTTP_REFERER] => https://frolof-bitrix-7nxat.tw1.ru/catalog/
    [HTTP_ACCEPT_ENCODING] => gzip, deflate, br
    [HTTP_ACCEPT_LANGUAGE] => ru-RU,ru;q=0.9,en-US;q=0.8,en;q=0.7,la;q=0.6,bg;q=0.5,haw;q=0.4,ky;q=0.3,tg;q=0.2,sr;q=0.1
    [HTTP_PRIORITY] => u=0, i
    [HTTP_COOKIE] => _ym_uid=1695892490214562786; _ym_d=1695892490; BX_USER_ID=6aaa08204fbf375f58e2687db84f9b78; BITRIX_SM_LOGIN=admin; BITRIX_SM_SALE_UID=dd7a5ef40921c256e161b6287fa6da9b; PHPSESSID=0vdesYFcJ1509UrSOYcOuR4USGlZsFqH; BITRIX_SM_SOUND_LOGIN_PLAYED=Y; BITRIX_CONVERSION_CONTEXT_s1=%7B%22ID%22%3A1%2C%22EXPIRE%22%3A1719349140%2C%22UNIQUE%22%3A%5B%22conversion_visit_day%22%2C%22sale_cart_add_day%22%5D%7D
    [PATH] => /usr/local/sbin:/usr/local/bin:/usr/sbin:/usr/bin:/sbin:/bin:/snap/bin
    [SERVER_SIGNATURE] => 
    [SERVER_SOFTWARE] => Apache/2.4.29
    [SERVER_NAME] => frolof-bitrix-7nxat.tw1.ru
    [SERVER_ADDR] => 127.0.4.129
    [SERVER_PORT] => 80
    [REMOTE_ADDR] => 37.193.78.35
    [DOCUMENT_ROOT] => /home/f/frolof/bitrix_7nxat/public_html
    [REQUEST_SCHEME] => http
    [CONTEXT_PREFIX] => 
    [CONTEXT_DOCUMENT_ROOT] => /home/f/frolof/bitrix_7nxat/public_html
    [SERVER_ADMIN] => info@timeweb.ru
    [SCRIPT_FILENAME] => /home/f/frolof/bitrix_7nxat/public_html/bitrix/urlrewrite.php
    [REMOTE_PORT] => 44260
    [REDIRECT_URL] => /catalog/med_1/
    [GATEWAY_INTERFACE] => CGI/1.1
    [SERVER_PROTOCOL] => HTTP/1.0
    [REQUEST_METHOD] => GET
    [QUERY_STRING] => 
    [REQUEST_URI] => /catalog/med_1/
    [SCRIPT_NAME] => /bitrix/urlrewrite.php
    [PHP_SELF] => /bitrix/urlrewrite.php
    [REQUEST_TIME_FLOAT] => 1719296560.636
    [REQUEST_TIME] => 1719296560
    [argv] => Array
        (
        )

    [argc] => 0
    [REAL_FILE_PATH] => /catalog/index.php
)
Array
(
    [REDIRECT_HTTPS] => On
    [REDIRECT_STATUS] => 200
    [HTTPS] => On
    [REMOTE_USER] => 
    [HTTP_HOST] => frolof-bitrix-7nxat.tw1.ru
    [HTTP_X_HTTPS] => 1
    [HTTP_X_FORWARDED_PROTO] => https
    [HTTP_CONNECTION] => close
    [HTTP_PRAGMA] => no-cache
    [HTTP_CACHE_CONTROL] => no-cache
    [HTTP_SEC_CH_UA] => "Not/A)Brand";v="8", "Chromium";v="126", "Google Chrome";v="126"
    [HTTP_SEC_CH_UA_MOBILE] => ?0
    [HTTP_USER_AGENT] => Mozilla/5.0 (Windows NT 10.0; Win64; x64) AppleWebKit/537.36 (KHTML, like Gecko) Chrome/126.0.0.0 Safari/537.36
    [HTTP_SEC_CH_UA_PLATFORM] => "Windows"
    [HTTP_ACCEPT] => image/avif,image/webp,image/apng,image/svg+xml,image/*,*/*;q=0.8
    [HTTP_SEC_FETCH_SITE] => same-origin
    [HTTP_SEC_FETCH_MODE] => no-cors
    [HTTP_SEC_FETCH_DEST] => image
    [HTTP_REFERER] => https://frolof-bitrix-7nxat.tw1.ru/catalog/med_1/
    [HTTP_ACCEPT_ENCODING] => gzip, deflate, br
    [HTTP_ACCEPT_LANGUAGE] => ru-RU,ru;q=0.9,en-US;q=0.8,en;q=0.7,la;q=0.6,bg;q=0.5,haw;q=0.4,ky;q=0.3,tg;q=0.2,sr;q=0.1
    [HTTP_PRIORITY] => u=1, i
    [HTTP_COOKIE] => _ym_uid=1695892490214562786; _ym_d=1695892490; BX_USER_ID=6aaa08204fbf375f58e2687db84f9b78; BITRIX_SM_LOGIN=admin; BITRIX_SM_SALE_UID=dd7a5ef40921c256e161b6287fa6da9b; PHPSESSID=0vdesYFcJ1509UrSOYcOuR4USGlZsFqH; BITRIX_SM_SOUND_LOGIN_PLAYED=Y; BITRIX_CONVERSION_CONTEXT_s1=%7B%22ID%22%3A1%2C%22EXPIRE%22%3A1719349140%2C%22UNIQUE%22%3A%5B%22conversion_visit_day%22%2C%22sale_cart_add_day%22%5D%7D
    [PATH] => /usr/local/sbin:/usr/local/bin:/usr/sbin:/usr/bin:/sbin:/bin:/snap/bin
    [SERVER_SIGNATURE] => 
    [SERVER_SOFTWARE] => Apache/2.4.29
    [SERVER_NAME] => frolof-bitrix-7nxat.tw1.ru
    [SERVER_ADDR] => 127.0.4.129
    [SERVER_PORT] => 80
    [REMOTE_ADDR] => 37.193.78.35
    [DOCUMENT_ROOT] => /home/f/frolof/bitrix_7nxat/public_html
    [REQUEST_SCHEME] => http
    [CONTEXT_PREFIX] => 
    [CONTEXT_DOCUMENT_ROOT] => /home/f/frolof/bitrix_7nxat/public_html
    [SERVER_ADMIN] => info@timeweb.ru
    [SCRIPT_FILENAME] => /home/f/frolof/bitrix_7nxat/public_html/bitrix/urlrewrite.php
    [REMOTE_PORT] => 47444
    [REDIRECT_URL] => /favicon.ico
    [GATEWAY_INTERFACE] => CGI/1.1
    [SERVER_PROTOCOL] => HTTP/1.0
    [REQUEST_METHOD] => GET
    [QUERY_STRING] => 
    [REQUEST_URI] => /favicon.ico
    [SCRIPT_NAME] => /bitrix/urlrewrite.php
    [PHP_SELF] => /bitrix/urlrewrite.php
    [REQUEST_TIME_FLOAT] => 1719296565.8292
    [REQUEST_TIME] => 1719296565
    [argv] => Array
        (
        )

    [argc] => 0
)
Array
(
    [HTTPS] => On
    [REMOTE_USER] => 
    [HTTP_HOST] => frolof-bitrix-7nxat.tw1.ru
    [HTTP_X_HTTPS] => 1
    [HTTP_X_FORWARDED_PROTO] => https
    [HTTP_CONNECTION] => close
    [CONTENT_LENGTH] => 6353
    [HTTP_SEC_CH_UA] => "Not/A)Brand";v="8", "Chromium";v="126", "Google Chrome";v="126"
    [CONTENT_TYPE] => application/x-www-form-urlencoded
    [HTTP_SEC_CH_UA_MOBILE] => ?0
    [HTTP_BX_AJAX] => true
    [HTTP_USER_AGENT] => Mozilla/5.0 (Windows NT 10.0; Win64; x64) AppleWebKit/537.36 (KHTML, like Gecko) Chrome/126.0.0.0 Safari/537.36
    [HTTP_SEC_CH_UA_PLATFORM] => "Windows"
    [HTTP_ACCEPT] => */*
    [HTTP_ORIGIN] => https://frolof-bitrix-7nxat.tw1.ru
    [HTTP_SEC_FETCH_SITE] => same-origin
    [HTTP_SEC_FETCH_MODE] => cors
    [HTTP_SEC_FETCH_DEST] => empty
    [HTTP_REFERER] => https://frolof-bitrix-7nxat.tw1.ru/catalog/med_1/
    [HTTP_ACCEPT_ENCODING] => gzip, deflate, br
    [HTTP_ACCEPT_LANGUAGE] => ru-RU,ru;q=0.9,en-US;q=0.8,en;q=0.7,la;q=0.6,bg;q=0.5,haw;q=0.4,ky;q=0.3,tg;q=0.2,sr;q=0.1
    [HTTP_PRIORITY] => u=1, i
    [HTTP_COOKIE] => _ym_uid=1695892490214562786; _ym_d=1695892490; BX_USER_ID=6aaa08204fbf375f58e2687db84f9b78; BITRIX_SM_LOGIN=admin; BITRIX_SM_SALE_UID=dd7a5ef40921c256e161b6287fa6da9b; PHPSESSID=0vdesYFcJ1509UrSOYcOuR4USGlZsFqH; BITRIX_SM_SOUND_LOGIN_PLAYED=Y; BITRIX_CONVERSION_CONTEXT_s1=%7B%22ID%22%3A1%2C%22EXPIRE%22%3A1719349140%2C%22UNIQUE%22%3A%5B%22conversion_visit_day%22%2C%22sale_cart_add_day%22%5D%7D
    [PATH] => /usr/local/sbin:/usr/local/bin:/usr/sbin:/usr/bin:/sbin:/bin:/snap/bin
    [SERVER_SIGNATURE] => 
    [SERVER_SOFTWARE] => Apache/2.4.29
    [SERVER_NAME] => frolof-bitrix-7nxat.tw1.ru
    [SERVER_ADDR] => 127.0.4.129
    [SERVER_PORT] => 80
    [REMOTE_ADDR] => 37.193.78.35
    [DOCUMENT_ROOT] => /home/f/frolof/bitrix_7nxat/public_html
    [REQUEST_SCHEME] => http
    [CONTEXT_PREFIX] => 
    [CONTEXT_DOCUMENT_ROOT] => /home/f/frolof/bitrix_7nxat/public_html
    [SERVER_ADMIN] => info@timeweb.ru
    [SCRIPT_FILENAME] => /home/f/frolof/bitrix_7nxat/public_html/bitrix/components/bitrix/catalog.section/ajax.php
    [REMOTE_PORT] => 47446
    [GATEWAY_INTERFACE] => CGI/1.1
    [SERVER_PROTOCOL] => HTTP/1.0
    [REQUEST_METHOD] => POST
    [QUERY_STRING] => 
    [REQUEST_URI] => /bitrix/components/bitrix/catalog.section/ajax.php
    [SCRIPT_NAME] => /bitrix/components/bitrix/catalog.section/ajax.php
    [PHP_SELF] => /bitrix/components/bitrix/catalog.section/ajax.php
    [REQUEST_TIME_FLOAT] => 1719296574.4115
    [REQUEST_TIME] => 1719296574
    [argv] => Array
        (
        )

    [argc] => 0
)
Array
(
    [HTTPS] => On
    [REMOTE_USER] => 
    [HTTP_HOST] => frolof-bitrix-7nxat.tw1.ru
    [HTTP_X_HTTPS] => 1
    [HTTP_X_FORWARDED_PROTO] => https
    [HTTP_CONNECTION] => close
    [CONTENT_LENGTH] => 6353
    [HTTP_SEC_CH_UA] => "Not/A)Brand";v="8", "Chromium";v="126", "Google Chrome";v="126"
    [CONTENT_TYPE] => application/x-www-form-urlencoded
    [HTTP_SEC_CH_UA_MOBILE] => ?0
    [HTTP_BX_AJAX] => true
    [HTTP_USER_AGENT] => Mozilla/5.0 (Windows NT 10.0; Win64; x64) AppleWebKit/537.36 (KHTML, like Gecko) Chrome/126.0.0.0 Safari/537.36
    [HTTP_SEC_CH_UA_PLATFORM] => "Windows"
    [HTTP_ACCEPT] => */*
    [HTTP_ORIGIN] => https://frolof-bitrix-7nxat.tw1.ru
    [HTTP_SEC_FETCH_SITE] => same-origin
    [HTTP_SEC_FETCH_MODE] => cors
    [HTTP_SEC_FETCH_DEST] => empty
    [HTTP_REFERER] => https://frolof-bitrix-7nxat.tw1.ru/catalog/med_1/
    [HTTP_ACCEPT_ENCODING] => gzip, deflate, br
    [HTTP_ACCEPT_LANGUAGE] => ru-RU,ru;q=0.9,en-US;q=0.8,en;q=0.7,la;q=0.6,bg;q=0.5,haw;q=0.4,ky;q=0.3,tg;q=0.2,sr;q=0.1
    [HTTP_PRIORITY] => u=1, i
    [HTTP_COOKIE] => _ym_uid=1695892490214562786; _ym_d=1695892490; BX_USER_ID=6aaa08204fbf375f58e2687db84f9b78; BITRIX_SM_LOGIN=admin; BITRIX_SM_SALE_UID=dd7a5ef40921c256e161b6287fa6da9b; PHPSESSID=0vdesYFcJ1509UrSOYcOuR4USGlZsFqH; BITRIX_SM_SOUND_LOGIN_PLAYED=Y; BITRIX_CONVERSION_CONTEXT_s1=%7B%22ID%22%3A1%2C%22EXPIRE%22%3A1719349140%2C%22UNIQUE%22%3A%5B%22conversion_visit_day%22%2C%22sale_cart_add_day%22%5D%7D
    [PATH] => /usr/local/sbin:/usr/local/bin:/usr/sbin:/usr/bin:/sbin:/bin:/snap/bin
    [SERVER_SIGNATURE] => 
    [SERVER_SOFTWARE] => Apache/2.4.29
    [SERVER_NAME] => frolof-bitrix-7nxat.tw1.ru
    [SERVER_ADDR] => 127.0.4.129
    [SERVER_PORT] => 80
    [REMOTE_ADDR] => 37.193.78.35
    [DOCUMENT_ROOT] => /home/f/frolof/bitrix_7nxat/public_html
    [REQUEST_SCHEME] => http
    [CONTEXT_PREFIX] => 
    [CONTEXT_DOCUMENT_ROOT] => /home/f/frolof/bitrix_7nxat/public_html
    [SERVER_ADMIN] => info@timeweb.ru
    [SCRIPT_FILENAME] => /home/f/frolof/bitrix_7nxat/public_html/bitrix/components/bitrix/catalog.section/ajax.php
    [REMOTE_PORT] => 38938
    [GATEWAY_INTERFACE] => CGI/1.1
    [SERVER_PROTOCOL] => HTTP/1.0
    [REQUEST_METHOD] => POST
    [QUERY_STRING] => 
    [REQUEST_URI] => /bitrix/components/bitrix/catalog.section/ajax.php
    [SCRIPT_NAME] => /bitrix/components/bitrix/catalog.section/ajax.php
    [PHP_SELF] => /bitrix/components/bitrix/catalog.section/ajax.php
    [REQUEST_TIME_FLOAT] => 1719296577.4365
    [REQUEST_TIME] => 1719296577
    [argv] => Array
        (
        )

    [argc] => 0
)
Array
(
    [HTTPS] => On
    [REMOTE_USER] => 
    [HTTP_HOST] => frolof-bitrix-7nxat.tw1.ru
    [HTTP_X_HTTPS] => 1
    [HTTP_X_FORWARDED_PROTO] => https
    [HTTP_CONNECTION] => close
    [CONTENT_LENGTH] => 6353
    [HTTP_SEC_CH_UA] => "Not/A)Brand";v="8", "Chromium";v="126", "Google Chrome";v="126"
    [CONTENT_TYPE] => application/x-www-form-urlencoded
    [HTTP_SEC_CH_UA_MOBILE] => ?0
    [HTTP_BX_AJAX] => true
    [HTTP_USER_AGENT] => Mozilla/5.0 (Windows NT 10.0; Win64; x64) AppleWebKit/537.36 (KHTML, like Gecko) Chrome/126.0.0.0 Safari/537.36
    [HTTP_SEC_CH_UA_PLATFORM] => "Windows"
    [HTTP_ACCEPT] => */*
    [HTTP_ORIGIN] => https://frolof-bitrix-7nxat.tw1.ru
    [HTTP_SEC_FETCH_SITE] => same-origin
    [HTTP_SEC_FETCH_MODE] => cors
    [HTTP_SEC_FETCH_DEST] => empty
    [HTTP_REFERER] => https://frolof-bitrix-7nxat.tw1.ru/catalog/med_1/
    [HTTP_ACCEPT_ENCODING] => gzip, deflate, br
    [HTTP_ACCEPT_LANGUAGE] => ru-RU,ru;q=0.9,en-US;q=0.8,en;q=0.7,la;q=0.6,bg;q=0.5,haw;q=0.4,ky;q=0.3,tg;q=0.2,sr;q=0.1
    [HTTP_PRIORITY] => u=1, i
    [HTTP_COOKIE] => _ym_uid=1695892490214562786; _ym_d=1695892490; BX_USER_ID=6aaa08204fbf375f58e2687db84f9b78; BITRIX_SM_LOGIN=admin; BITRIX_SM_SALE_UID=dd7a5ef40921c256e161b6287fa6da9b; PHPSESSID=0vdesYFcJ1509UrSOYcOuR4USGlZsFqH; BITRIX_SM_SOUND_LOGIN_PLAYED=Y; BITRIX_CONVERSION_CONTEXT_s1=%7B%22ID%22%3A1%2C%22EXPIRE%22%3A1719349140%2C%22UNIQUE%22%3A%5B%22conversion_visit_day%22%2C%22sale_cart_add_day%22%5D%7D
    [PATH] => /usr/local/sbin:/usr/local/bin:/usr/sbin:/usr/bin:/sbin:/bin:/snap/bin
    [SERVER_SIGNATURE] => 
    [SERVER_SOFTWARE] => Apache/2.4.29
    [SERVER_NAME] => frolof-bitrix-7nxat.tw1.ru
    [SERVER_ADDR] => 127.0.4.129
    [SERVER_PORT] => 80
    [REMOTE_ADDR] => 37.193.78.35
    [DOCUMENT_ROOT] => /home/f/frolof/bitrix_7nxat/public_html
    [REQUEST_SCHEME] => http
    [CONTEXT_PREFIX] => 
    [CONTEXT_DOCUMENT_ROOT] => /home/f/frolof/bitrix_7nxat/public_html
    [SERVER_ADMIN] => info@timeweb.ru
    [SCRIPT_FILENAME] => /home/f/frolof/bitrix_7nxat/public_html/bitrix/components/bitrix/catalog.section/ajax.php
    [REMOTE_PORT] => 38946
    [GATEWAY_INTERFACE] => CGI/1.1
    [SERVER_PROTOCOL] => HTTP/1.0
    [REQUEST_METHOD] => POST
    [QUERY_STRING] => 
    [REQUEST_URI] => /bitrix/components/bitrix/catalog.section/ajax.php
    [SCRIPT_NAME] => /bitrix/components/bitrix/catalog.section/ajax.php
    [PHP_SELF] => /bitrix/components/bitrix/catalog.section/ajax.php
    [REQUEST_TIME_FLOAT] => 1719296582.2363
    [REQUEST_TIME] => 1719296582
    [argv] => Array
        (
        )

    [argc] => 0
)
Array
(
    [HTTPS] => On
    [REMOTE_USER] => 
    [HTTP_HOST] => frolof-bitrix-7nxat.tw1.ru
    [HTTP_X_HTTPS] => 1
    [HTTP_X_FORWARDED_PROTO] => https
    [HTTP_CONNECTION] => close
    [CONTENT_LENGTH] => 6353
    [HTTP_SEC_CH_UA] => "Not/A)Brand";v="8", "Chromium";v="126", "Google Chrome";v="126"
    [CONTENT_TYPE] => application/x-www-form-urlencoded
    [HTTP_SEC_CH_UA_MOBILE] => ?0
    [HTTP_BX_AJAX] => true
    [HTTP_USER_AGENT] => Mozilla/5.0 (Windows NT 10.0; Win64; x64) AppleWebKit/537.36 (KHTML, like Gecko) Chrome/126.0.0.0 Safari/537.36
    [HTTP_SEC_CH_UA_PLATFORM] => "Windows"
    [HTTP_ACCEPT] => */*
    [HTTP_ORIGIN] => https://frolof-bitrix-7nxat.tw1.ru
    [HTTP_SEC_FETCH_SITE] => same-origin
    [HTTP_SEC_FETCH_MODE] => cors
    [HTTP_SEC_FETCH_DEST] => empty
    [HTTP_REFERER] => https://frolof-bitrix-7nxat.tw1.ru/catalog/med_1/
    [HTTP_ACCEPT_ENCODING] => gzip, deflate, br
    [HTTP_ACCEPT_LANGUAGE] => ru-RU,ru;q=0.9,en-US;q=0.8,en;q=0.7,la;q=0.6,bg;q=0.5,haw;q=0.4,ky;q=0.3,tg;q=0.2,sr;q=0.1
    [HTTP_PRIORITY] => u=1, i
    [HTTP_COOKIE] => _ym_uid=1695892490214562786; _ym_d=1695892490; BX_USER_ID=6aaa08204fbf375f58e2687db84f9b78; BITRIX_SM_LOGIN=admin; BITRIX_SM_SALE_UID=dd7a5ef40921c256e161b6287fa6da9b; PHPSESSID=0vdesYFcJ1509UrSOYcOuR4USGlZsFqH; BITRIX_SM_SOUND_LOGIN_PLAYED=Y; BITRIX_CONVERSION_CONTEXT_s1=%7B%22ID%22%3A1%2C%22EXPIRE%22%3A1719349140%2C%22UNIQUE%22%3A%5B%22conversion_visit_day%22%2C%22sale_cart_add_day%22%5D%7D
    [PATH] => /usr/local/sbin:/usr/local/bin:/usr/sbin:/usr/bin:/sbin:/bin:/snap/bin
    [SERVER_SIGNATURE] => 
    [SERVER_SOFTWARE] => Apache/2.4.29
    [SERVER_NAME] => frolof-bitrix-7nxat.tw1.ru
    [SERVER_ADDR] => 127.0.4.129
    [SERVER_PORT] => 80
    [REMOTE_ADDR] => 37.193.78.35
    [DOCUMENT_ROOT] => /home/f/frolof/bitrix_7nxat/public_html
    [REQUEST_SCHEME] => http
    [CONTEXT_PREFIX] => 
    [CONTEXT_DOCUMENT_ROOT] => /home/f/frolof/bitrix_7nxat/public_html
    [SERVER_ADMIN] => info@timeweb.ru
    [SCRIPT_FILENAME] => /home/f/frolof/bitrix_7nxat/public_html/bitrix/components/bitrix/catalog.section/ajax.php
    [REMOTE_PORT] => 37554
    [GATEWAY_INTERFACE] => CGI/1.1
    [SERVER_PROTOCOL] => HTTP/1.0
    [REQUEST_METHOD] => POST
    [QUERY_STRING] => 
    [REQUEST_URI] => /bitrix/components/bitrix/catalog.section/ajax.php
    [SCRIPT_NAME] => /bitrix/components/bitrix/catalog.section/ajax.php
    [PHP_SELF] => /bitrix/components/bitrix/catalog.section/ajax.php
    [REQUEST_TIME_FLOAT] => 1719296585.9971
    [REQUEST_TIME] => 1719296585
    [argv] => Array
        (
        )

    [argc] => 0
)
Array
(
    [HTTPS] => On
    [REMOTE_USER] => 
    [HTTP_HOST] => frolof-bitrix-7nxat.tw1.ru
    [HTTP_X_HTTPS] => 1
    [HTTP_X_FORWARDED_PROTO] => https
    [HTTP_CONNECTION] => close
    [HTTP_SEC_CH_UA] => "Not/A)Brand";v="8", "Chromium";v="126", "Google Chrome";v="126"
    [HTTP_X_BITRIX_CSRF_TOKEN] => 60524cc6e196c241527ff82b14fa1d4d
    [HTTP_SEC_CH_UA_MOBILE] => ?0
    [HTTP_BX_AJAX] => true
    [HTTP_USER_AGENT] => Mozilla/5.0 (Windows NT 10.0; Win64; x64) AppleWebKit/537.36 (KHTML, like Gecko) Chrome/126.0.0.0 Safari/537.36
    [HTTP_SEC_CH_UA_PLATFORM] => "Windows"
    [HTTP_ACCEPT] => */*
    [HTTP_SEC_FETCH_SITE] => same-origin
    [HTTP_SEC_FETCH_MODE] => cors
    [HTTP_SEC_FETCH_DEST] => empty
    [HTTP_REFERER] => https://frolof-bitrix-7nxat.tw1.ru/services/?clear_cache=Y
    [HTTP_ACCEPT_ENCODING] => gzip, deflate, br
    [HTTP_ACCEPT_LANGUAGE] => ru,ru-RU;q=0.9,en-US;q=0.8,en;q=0.7
    [HTTP_PRIORITY] => u=1, i
    [HTTP_COOKIE] => _ym_uid=1684149822432476169; _ga=GA1.1.1390228103.1689341009; _ga_3PDPXWLK32=GS1.1.1689341008.1.1.1689341186.0.0.0; _ym_d=1702391973; _ga_LTEDGNT3YB=GS1.1.1702393807.1.1.1702393851.0.0.0; BITRIX_SM_SOUND_LOGIN_PLAYED=Y; BX_USER_ID=3a02b9351801498a531c13983879b39a; BITRIX_SM_LOGIN=admin1c; BITRIX_CONVERSION_CONTEXT_s1=%7B%22ID%22%3A1%2C%22EXPIRE%22%3A1719349140%2C%22UNIQUE%22%3A%5B%22conversion_visit_day%22%5D%7D; PHPSESSID=y2zyIQI60D8ZzPX5eTuBNakTtkIesOH9; BITRIX_SM_SALE_UID=0
    [PATH] => /usr/local/sbin:/usr/local/bin:/usr/sbin:/usr/bin:/sbin:/bin:/snap/bin
    [SERVER_SIGNATURE] => 
    [SERVER_SOFTWARE] => Apache/2.4.29
    [SERVER_NAME] => frolof-bitrix-7nxat.tw1.ru
    [SERVER_ADDR] => 127.0.4.129
    [SERVER_PORT] => 80
    [REMOTE_ADDR] => 37.193.78.35
    [DOCUMENT_ROOT] => /home/f/frolof/bitrix_7nxat/public_html
    [REQUEST_SCHEME] => http
    [CONTEXT_PREFIX] => 
    [CONTEXT_DOCUMENT_ROOT] => /home/f/frolof/bitrix_7nxat/public_html
    [SERVER_ADMIN] => info@timeweb.ru
    [SCRIPT_FILENAME] => /home/f/frolof/bitrix_7nxat/public_html/bitrix/tools/public_session.php
    [REMOTE_PORT] => 37568
    [GATEWAY_INTERFACE] => CGI/1.1
    [SERVER_PROTOCOL] => HTTP/1.0
    [REQUEST_METHOD] => GET
    [QUERY_STRING] => k=60524cc6e196c241527ff82b14fa1d4d.61765d967c7f2517deff22435c01ab20a1e47d5f27580cf1fa262453b947c031
    [REQUEST_URI] => /bitrix/tools/public_session.php?k=60524cc6e196c241527ff82b14fa1d4d.61765d967c7f2517deff22435c01ab20a1e47d5f27580cf1fa262453b947c031
    [SCRIPT_NAME] => /bitrix/tools/public_session.php
    [PHP_SELF] => /bitrix/tools/public_session.php
    [REQUEST_TIME_FLOAT] => 1719296586.4323
    [REQUEST_TIME] => 1719296586
    [argv] => Array
        (
            [0] => k=60524cc6e196c241527ff82b14fa1d4d.61765d967c7f2517deff22435c01ab20a1e47d5f27580cf1fa262453b947c031
        )

    [argc] => 1
)
Array
(
    [HTTPS] => On
    [REMOTE_USER] => 
    [HTTP_HOST] => frolof-bitrix-7nxat.tw1.ru
    [HTTP_X_HTTPS] => 1
    [HTTP_X_FORWARDED_PROTO] => https
    [HTTP_CONNECTION] => close
    [CONTENT_LENGTH] => 6353
    [HTTP_SEC_CH_UA] => "Not/A)Brand";v="8", "Chromium";v="126", "Google Chrome";v="126"
    [CONTENT_TYPE] => application/x-www-form-urlencoded
    [HTTP_SEC_CH_UA_MOBILE] => ?0
    [HTTP_BX_AJAX] => true
    [HTTP_USER_AGENT] => Mozilla/5.0 (Windows NT 10.0; Win64; x64) AppleWebKit/537.36 (KHTML, like Gecko) Chrome/126.0.0.0 Safari/537.36
    [HTTP_SEC_CH_UA_PLATFORM] => "Windows"
    [HTTP_ACCEPT] => */*
    [HTTP_ORIGIN] => https://frolof-bitrix-7nxat.tw1.ru
    [HTTP_SEC_FETCH_SITE] => same-origin
    [HTTP_SEC_FETCH_MODE] => cors
    [HTTP_SEC_FETCH_DEST] => empty
    [HTTP_REFERER] => https://frolof-bitrix-7nxat.tw1.ru/catalog/med_1/
    [HTTP_ACCEPT_ENCODING] => gzip, deflate, br
    [HTTP_ACCEPT_LANGUAGE] => ru-RU,ru;q=0.9,en-US;q=0.8,en;q=0.7,la;q=0.6,bg;q=0.5,haw;q=0.4,ky;q=0.3,tg;q=0.2,sr;q=0.1
    [HTTP_PRIORITY] => u=1, i
    [HTTP_COOKIE] => _ym_uid=1695892490214562786; _ym_d=1695892490; BX_USER_ID=6aaa08204fbf375f58e2687db84f9b78; BITRIX_SM_LOGIN=admin; BITRIX_SM_SALE_UID=dd7a5ef40921c256e161b6287fa6da9b; PHPSESSID=0vdesYFcJ1509UrSOYcOuR4USGlZsFqH; BITRIX_SM_SOUND_LOGIN_PLAYED=Y; BITRIX_CONVERSION_CONTEXT_s1=%7B%22ID%22%3A1%2C%22EXPIRE%22%3A1719349140%2C%22UNIQUE%22%3A%5B%22conversion_visit_day%22%2C%22sale_cart_add_day%22%5D%7D
    [PATH] => /usr/local/sbin:/usr/local/bin:/usr/sbin:/usr/bin:/sbin:/bin:/snap/bin
    [SERVER_SIGNATURE] => 
    [SERVER_SOFTWARE] => Apache/2.4.29
    [SERVER_NAME] => frolof-bitrix-7nxat.tw1.ru
    [SERVER_ADDR] => 127.0.4.129
    [SERVER_PORT] => 80
    [REMOTE_ADDR] => 37.193.78.35
    [DOCUMENT_ROOT] => /home/f/frolof/bitrix_7nxat/public_html
    [REQUEST_SCHEME] => http
    [CONTEXT_PREFIX] => 
    [CONTEXT_DOCUMENT_ROOT] => /home/f/frolof/bitrix_7nxat/public_html
    [SERVER_ADMIN] => info@timeweb.ru
    [SCRIPT_FILENAME] => /home/f/frolof/bitrix_7nxat/public_html/bitrix/components/bitrix/catalog.section/ajax.php
    [REMOTE_PORT] => 37576
    [GATEWAY_INTERFACE] => CGI/1.1
    [SERVER_PROTOCOL] => HTTP/1.0
    [REQUEST_METHOD] => POST
    [QUERY_STRING] => 
    [REQUEST_URI] => /bitrix/components/bitrix/catalog.section/ajax.php
    [SCRIPT_NAME] => /bitrix/components/bitrix/catalog.section/ajax.php
    [PHP_SELF] => /bitrix/components/bitrix/catalog.section/ajax.php
    [REQUEST_TIME_FLOAT] => 1719296591.0436
    [REQUEST_TIME] => 1719296591
    [argv] => Array
        (
        )

    [argc] => 0
)
Array
(
    [REDIRECT_HTTPS] => On
    [REDIRECT_STATUS] => 200
    [HTTPS] => On
    [REMOTE_USER] => 
    [HTTP_HOST] => frolof-bitrix-7nxat.tw1.ru
    [HTTP_X_HTTPS] => 1
    [HTTP_X_FORWARDED_PROTO] => https
    [HTTP_CONNECTION] => close
    [HTTP_SEC_CH_UA] => "Not/A)Brand";v="8", "Chromium";v="126", "Google Chrome";v="126"
    [HTTP_SEC_CH_UA_MOBILE] => ?0
    [HTTP_SEC_CH_UA_PLATFORM] => "Windows"
    [HTTP_UPGRADE_INSECURE_REQUESTS] => 1
    [HTTP_USER_AGENT] => Mozilla/5.0 (Windows NT 10.0; Win64; x64) AppleWebKit/537.36 (KHTML, like Gecko) Chrome/126.0.0.0 Safari/537.36
    [HTTP_ACCEPT] => text/html,application/xhtml+xml,application/xml;q=0.9,image/avif,image/webp,image/apng,*/*;q=0.8,application/signed-exchange;v=b3;q=0.7
    [HTTP_SEC_FETCH_SITE] => same-origin
    [HTTP_SEC_FETCH_MODE] => navigate
    [HTTP_SEC_FETCH_USER] => ?1
    [HTTP_SEC_FETCH_DEST] => document
    [HTTP_REFERER] => https://frolof-bitrix-7nxat.tw1.ru/catalog/med_1/
    [HTTP_ACCEPT_ENCODING] => gzip, deflate, br
    [HTTP_ACCEPT_LANGUAGE] => ru-RU,ru;q=0.9,en-US;q=0.8,en;q=0.7,la;q=0.6,bg;q=0.5,haw;q=0.4,ky;q=0.3,tg;q=0.2,sr;q=0.1
    [HTTP_PRIORITY] => u=0, i
    [HTTP_COOKIE] => _ym_uid=1695892490214562786; _ym_d=1695892490; BX_USER_ID=6aaa08204fbf375f58e2687db84f9b78; BITRIX_SM_LOGIN=admin; BITRIX_SM_SALE_UID=dd7a5ef40921c256e161b6287fa6da9b; PHPSESSID=0vdesYFcJ1509UrSOYcOuR4USGlZsFqH; BITRIX_SM_SOUND_LOGIN_PLAYED=Y; BITRIX_CONVERSION_CONTEXT_s1=%7B%22ID%22%3A1%2C%22EXPIRE%22%3A1719349140%2C%22UNIQUE%22%3A%5B%22conversion_visit_day%22%2C%22sale_cart_add_day%22%5D%7D
    [PATH] => /usr/local/sbin:/usr/local/bin:/usr/sbin:/usr/bin:/sbin:/bin:/snap/bin
    [SERVER_SIGNATURE] => 
    [SERVER_SOFTWARE] => Apache/2.4.29
    [SERVER_NAME] => frolof-bitrix-7nxat.tw1.ru
    [SERVER_ADDR] => 127.0.4.129
    [SERVER_PORT] => 80
    [REMOTE_ADDR] => 37.193.78.35
    [DOCUMENT_ROOT] => /home/f/frolof/bitrix_7nxat/public_html
    [REQUEST_SCHEME] => http
    [CONTEXT_PREFIX] => 
    [CONTEXT_DOCUMENT_ROOT] => /home/f/frolof/bitrix_7nxat/public_html
    [SERVER_ADMIN] => info@timeweb.ru
    [SCRIPT_FILENAME] => /home/f/frolof/bitrix_7nxat/public_html/bitrix/urlrewrite.php
    [REMOTE_PORT] => 55080
    [REDIRECT_URL] => /catalog/chushka_mednaya/
    [GATEWAY_INTERFACE] => CGI/1.1
    [SERVER_PROTOCOL] => HTTP/1.0
    [REQUEST_METHOD] => GET
    [QUERY_STRING] => 
    [REQUEST_URI] => /catalog/chushka_mednaya/
    [SCRIPT_NAME] => /bitrix/urlrewrite.php
    [PHP_SELF] => /bitrix/urlrewrite.php
    [REQUEST_TIME_FLOAT] => 1719296601.6297
    [REQUEST_TIME] => 1719296601
    [argv] => Array
        (
        )

    [argc] => 0
    [REAL_FILE_PATH] => /catalog/index.php
)
Array
(
    [REDIRECT_HTTPS] => On
    [REDIRECT_STATUS] => 200
    [HTTPS] => On
    [REMOTE_USER] => 
    [HTTP_HOST] => frolof-bitrix-7nxat.tw1.ru
    [HTTP_X_HTTPS] => 1
    [HTTP_X_FORWARDED_PROTO] => https
    [HTTP_CONNECTION] => close
    [HTTP_SEC_CH_UA] => "Not/A)Brand";v="8", "Chromium";v="126", "Google Chrome";v="126"
    [HTTP_SEC_CH_UA_MOBILE] => ?0
    [HTTP_SEC_CH_UA_PLATFORM] => "Windows"
    [HTTP_UPGRADE_INSECURE_REQUESTS] => 1
    [HTTP_USER_AGENT] => Mozilla/5.0 (Windows NT 10.0; Win64; x64) AppleWebKit/537.36 (KHTML, like Gecko) Chrome/126.0.0.0 Safari/537.36
    [HTTP_ACCEPT] => text/html,application/xhtml+xml,application/xml;q=0.9,image/avif,image/webp,image/apng,*/*;q=0.8,application/signed-exchange;v=b3;q=0.7
    [HTTP_SEC_FETCH_SITE] => same-origin
    [HTTP_SEC_FETCH_MODE] => navigate
    [HTTP_SEC_FETCH_USER] => ?1
    [HTTP_SEC_FETCH_DEST] => document
    [HTTP_REFERER] => https://frolof-bitrix-7nxat.tw1.ru/catalog/chushka_mednaya/
    [HTTP_ACCEPT_ENCODING] => gzip, deflate, br
    [HTTP_ACCEPT_LANGUAGE] => ru-RU,ru;q=0.9,en-US;q=0.8,en;q=0.7,la;q=0.6,bg;q=0.5,haw;q=0.4,ky;q=0.3,tg;q=0.2,sr;q=0.1
    [HTTP_PRIORITY] => u=0, i
    [HTTP_COOKIE] => _ym_uid=1695892490214562786; _ym_d=1695892490; BX_USER_ID=6aaa08204fbf375f58e2687db84f9b78; BITRIX_SM_LOGIN=admin; BITRIX_SM_SALE_UID=dd7a5ef40921c256e161b6287fa6da9b; PHPSESSID=0vdesYFcJ1509UrSOYcOuR4USGlZsFqH; BITRIX_SM_SOUND_LOGIN_PLAYED=Y; BITRIX_CONVERSION_CONTEXT_s1=%7B%22ID%22%3A1%2C%22EXPIRE%22%3A1719349140%2C%22UNIQUE%22%3A%5B%22conversion_visit_day%22%2C%22sale_cart_add_day%22%5D%7D
    [PATH] => /usr/local/sbin:/usr/local/bin:/usr/sbin:/usr/bin:/sbin:/bin:/snap/bin
    [SERVER_SIGNATURE] => 
    [SERVER_SOFTWARE] => Apache/2.4.29
    [SERVER_NAME] => frolof-bitrix-7nxat.tw1.ru
    [SERVER_ADDR] => 127.0.4.129
    [SERVER_PORT] => 80
    [REMOTE_ADDR] => 37.193.78.35
    [DOCUMENT_ROOT] => /home/f/frolof/bitrix_7nxat/public_html
    [REQUEST_SCHEME] => http
    [CONTEXT_PREFIX] => 
    [CONTEXT_DOCUMENT_ROOT] => /home/f/frolof/bitrix_7nxat/public_html
    [SERVER_ADMIN] => info@timeweb.ru
    [SCRIPT_FILENAME] => /home/f/frolof/bitrix_7nxat/public_html/bitrix/urlrewrite.php
    [REMOTE_PORT] => 33934
    [REDIRECT_URL] => /catalog/med_1/
    [GATEWAY_INTERFACE] => CGI/1.1
    [SERVER_PROTOCOL] => HTTP/1.0
    [REQUEST_METHOD] => GET
    [QUERY_STRING] => 
    [REQUEST_URI] => /catalog/med_1/
    [SCRIPT_NAME] => /bitrix/urlrewrite.php
    [PHP_SELF] => /bitrix/urlrewrite.php
    [REQUEST_TIME_FLOAT] => 1719296606.8135
    [REQUEST_TIME] => 1719296606
    [argv] => Array
        (
        )

    [argc] => 0
    [REAL_FILE_PATH] => /catalog/index.php
)
Array
(
    [REDIRECT_HTTPS] => On
    [REDIRECT_STATUS] => 200
    [HTTPS] => On
    [REMOTE_USER] => 
    [HTTP_HOST] => frolof-bitrix-7nxat.tw1.ru
    [HTTP_X_HTTPS] => 1
    [HTTP_X_FORWARDED_PROTO] => https
    [HTTP_CONNECTION] => close
    [HTTP_SEC_CH_UA] => "Not/A)Brand";v="8", "Chromium";v="126", "Google Chrome";v="126"
    [HTTP_SEC_CH_UA_MOBILE] => ?0
    [HTTP_SEC_CH_UA_PLATFORM] => "Windows"
    [HTTP_UPGRADE_INSECURE_REQUESTS] => 1
    [HTTP_USER_AGENT] => Mozilla/5.0 (Windows NT 10.0; Win64; x64) AppleWebKit/537.36 (KHTML, like Gecko) Chrome/126.0.0.0 Safari/537.36
    [HTTP_ACCEPT] => text/html,application/xhtml+xml,application/xml;q=0.9,image/avif,image/webp,image/apng,*/*;q=0.8,application/signed-exchange;v=b3;q=0.7
    [HTTP_SEC_FETCH_SITE] => same-origin
    [HTTP_SEC_FETCH_MODE] => navigate
    [HTTP_SEC_FETCH_USER] => ?1
    [HTTP_SEC_FETCH_DEST] => document
    [HTTP_REFERER] => https://frolof-bitrix-7nxat.tw1.ru/catalog/med_1/
    [HTTP_ACCEPT_ENCODING] => gzip, deflate, br
    [HTTP_ACCEPT_LANGUAGE] => ru-RU,ru;q=0.9,en-US;q=0.8,en;q=0.7,la;q=0.6,bg;q=0.5,haw;q=0.4,ky;q=0.3,tg;q=0.2,sr;q=0.1
    [HTTP_PRIORITY] => u=0, i
    [HTTP_COOKIE] => _ym_uid=1695892490214562786; _ym_d=1695892490; BX_USER_ID=6aaa08204fbf375f58e2687db84f9b78; BITRIX_SM_LOGIN=admin; BITRIX_SM_SALE_UID=dd7a5ef40921c256e161b6287fa6da9b; PHPSESSID=0vdesYFcJ1509UrSOYcOuR4USGlZsFqH; BITRIX_SM_SOUND_LOGIN_PLAYED=Y; BITRIX_CONVERSION_CONTEXT_s1=%7B%22ID%22%3A1%2C%22EXPIRE%22%3A1719349140%2C%22UNIQUE%22%3A%5B%22conversion_visit_day%22%2C%22sale_cart_add_day%22%5D%7D
    [PATH] => /usr/local/sbin:/usr/local/bin:/usr/sbin:/usr/bin:/sbin:/bin:/snap/bin
    [SERVER_SIGNATURE] => 
    [SERVER_SOFTWARE] => Apache/2.4.29
    [SERVER_NAME] => frolof-bitrix-7nxat.tw1.ru
    [SERVER_ADDR] => 127.0.4.129
    [SERVER_PORT] => 80
    [REMOTE_ADDR] => 37.193.78.35
    [DOCUMENT_ROOT] => /home/f/frolof/bitrix_7nxat/public_html
    [REQUEST_SCHEME] => http
    [CONTEXT_PREFIX] => 
    [CONTEXT_DOCUMENT_ROOT] => /home/f/frolof/bitrix_7nxat/public_html
    [SERVER_ADMIN] => info@timeweb.ru
    [SCRIPT_FILENAME] => /home/f/frolof/bitrix_7nxat/public_html/bitrix/urlrewrite.php
    [REMOTE_PORT] => 33948
    [REDIRECT_URL] => /catalog/lenta_mednaya/
    [GATEWAY_INTERFACE] => CGI/1.1
    [SERVER_PROTOCOL] => HTTP/1.0
    [REQUEST_METHOD] => GET
    [QUERY_STRING] => 
    [REQUEST_URI] => /catalog/lenta_mednaya/
    [SCRIPT_NAME] => /bitrix/urlrewrite.php
    [PHP_SELF] => /bitrix/urlrewrite.php
    [REQUEST_TIME_FLOAT] => 1719296611.0871
    [REQUEST_TIME] => 1719296611
    [argv] => Array
        (
        )

    [argc] => 0
    [REAL_FILE_PATH] => /catalog/index.php
)
Array
(
    [HTTPS] => On
    [REMOTE_USER] => 
    [HTTP_HOST] => frolof-bitrix-7nxat.tw1.ru
    [HTTP_X_HTTPS] => 1
    [HTTP_X_FORWARDED_PROTO] => https
    [HTTP_CONNECTION] => close
    [HTTP_SEC_CH_UA] => "Not/A)Brand";v="8", "Chromium";v="126", "Google Chrome";v="126"
    [HTTP_X_BITRIX_CSRF_TOKEN] => 4ba204c68ba28208a107c057200d7dc0
    [HTTP_SEC_CH_UA_MOBILE] => ?0
    [HTTP_BX_AJAX] => true
    [HTTP_USER_AGENT] => Mozilla/5.0 (Windows NT 10.0; Win64; x64) AppleWebKit/537.36 (KHTML, like Gecko) Chrome/126.0.0.0 Safari/537.36
    [HTTP_SEC_CH_UA_PLATFORM] => "Windows"
    [HTTP_ACCEPT] => */*
    [HTTP_SEC_FETCH_SITE] => same-origin
    [HTTP_SEC_FETCH_MODE] => cors
    [HTTP_SEC_FETCH_DEST] => empty
    [HTTP_REFERER] => https://frolof-bitrix-7nxat.tw1.ru/catalog/lenta_mednaya/
    [HTTP_ACCEPT_ENCODING] => gzip, deflate, br
    [HTTP_ACCEPT_LANGUAGE] => ru-RU,ru;q=0.9,en-US;q=0.8,en;q=0.7,la;q=0.6,bg;q=0.5,haw;q=0.4,ky;q=0.3,tg;q=0.2,sr;q=0.1
    [HTTP_PRIORITY] => u=1, i
    [HTTP_COOKIE] => _ym_uid=1695892490214562786; _ym_d=1695892490; BX_USER_ID=6aaa08204fbf375f58e2687db84f9b78; BITRIX_SM_LOGIN=admin; BITRIX_SM_SALE_UID=dd7a5ef40921c256e161b6287fa6da9b; PHPSESSID=0vdesYFcJ1509UrSOYcOuR4USGlZsFqH; BITRIX_SM_SOUND_LOGIN_PLAYED=Y; BITRIX_CONVERSION_CONTEXT_s1=%7B%22ID%22%3A1%2C%22EXPIRE%22%3A1719349140%2C%22UNIQUE%22%3A%5B%22conversion_visit_day%22%2C%22sale_cart_add_day%22%5D%7D
    [PATH] => /usr/local/sbin:/usr/local/bin:/usr/sbin:/usr/bin:/sbin:/bin:/snap/bin
    [SERVER_SIGNATURE] => 
    [SERVER_SOFTWARE] => Apache/2.4.29
    [SERVER_NAME] => frolof-bitrix-7nxat.tw1.ru
    [SERVER_ADDR] => 127.0.4.129
    [SERVER_PORT] => 80
    [REMOTE_ADDR] => 37.193.78.35
    [DOCUMENT_ROOT] => /home/f/frolof/bitrix_7nxat/public_html
    [REQUEST_SCHEME] => http
    [CONTEXT_PREFIX] => 
    [CONTEXT_DOCUMENT_ROOT] => /home/f/frolof/bitrix_7nxat/public_html
    [SERVER_ADMIN] => info@timeweb.ru
    [SCRIPT_FILENAME] => /home/f/frolof/bitrix_7nxat/public_html/bitrix/tools/public_session.php
    [REMOTE_PORT] => 58360
    [GATEWAY_INTERFACE] => CGI/1.1
    [SERVER_PROTOCOL] => HTTP/1.0
    [REQUEST_METHOD] => GET
    [QUERY_STRING] => k=4ba204c68ba28208a107c057200d7dc0.64423431ef0a7596a14bdfeac54ec21e66fe705c937e0b4dfd1d23f281d303c0
    [REQUEST_URI] => /bitrix/tools/public_session.php?k=4ba204c68ba28208a107c057200d7dc0.64423431ef0a7596a14bdfeac54ec21e66fe705c937e0b4dfd1d23f281d303c0
    [SCRIPT_NAME] => /bitrix/tools/public_session.php
    [PHP_SELF] => /bitrix/tools/public_session.php
    [REQUEST_TIME_FLOAT] => 1719296673.1461
    [REQUEST_TIME] => 1719296673
    [argv] => Array
        (
            [0] => k=4ba204c68ba28208a107c057200d7dc0.64423431ef0a7596a14bdfeac54ec21e66fe705c937e0b4dfd1d23f281d303c0
        )

    [argc] => 1
)
Array
(
    [HTTPS] => On
    [REMOTE_USER] => 
    [HTTP_HOST] => frolof-bitrix-7nxat.tw1.ru
    [HTTP_X_HTTPS] => 1
    [HTTP_X_FORWARDED_PROTO] => https
    [HTTP_CONNECTION] => close
    [HTTP_SEC_CH_UA] => "Not/A)Brand";v="8", "Chromium";v="126", "Google Chrome";v="126"
    [HTTP_X_BITRIX_CSRF_TOKEN] => 60524cc6e196c241527ff82b14fa1d4d
    [HTTP_SEC_CH_UA_MOBILE] => ?0
    [HTTP_BX_AJAX] => true
    [HTTP_USER_AGENT] => Mozilla/5.0 (Windows NT 10.0; Win64; x64) AppleWebKit/537.36 (KHTML, like Gecko) Chrome/126.0.0.0 Safari/537.36
    [HTTP_SEC_CH_UA_PLATFORM] => "Windows"
    [HTTP_ACCEPT] => */*
    [HTTP_SEC_FETCH_SITE] => same-origin
    [HTTP_SEC_FETCH_MODE] => cors
    [HTTP_SEC_FETCH_DEST] => empty
    [HTTP_REFERER] => https://frolof-bitrix-7nxat.tw1.ru/services/?clear_cache=Y
    [HTTP_ACCEPT_ENCODING] => gzip, deflate, br
    [HTTP_ACCEPT_LANGUAGE] => ru,ru-RU;q=0.9,en-US;q=0.8,en;q=0.7
    [HTTP_PRIORITY] => u=1, i
    [HTTP_COOKIE] => _ym_uid=1684149822432476169; _ga=GA1.1.1390228103.1689341009; _ga_3PDPXWLK32=GS1.1.1689341008.1.1.1689341186.0.0.0; _ym_d=1702391973; _ga_LTEDGNT3YB=GS1.1.1702393807.1.1.1702393851.0.0.0; BITRIX_SM_SOUND_LOGIN_PLAYED=Y; BX_USER_ID=3a02b9351801498a531c13983879b39a; BITRIX_SM_LOGIN=admin1c; BITRIX_CONVERSION_CONTEXT_s1=%7B%22ID%22%3A1%2C%22EXPIRE%22%3A1719349140%2C%22UNIQUE%22%3A%5B%22conversion_visit_day%22%5D%7D; PHPSESSID=y2zyIQI60D8ZzPX5eTuBNakTtkIesOH9; BITRIX_SM_SALE_UID=0
    [PATH] => /usr/local/sbin:/usr/local/bin:/usr/sbin:/usr/bin:/sbin:/bin:/snap/bin
    [SERVER_SIGNATURE] => 
    [SERVER_SOFTWARE] => Apache/2.4.29
    [SERVER_NAME] => frolof-bitrix-7nxat.tw1.ru
    [SERVER_ADDR] => 127.0.4.129
    [SERVER_PORT] => 80
    [REMOTE_ADDR] => 37.193.78.35
    [DOCUMENT_ROOT] => /home/f/frolof/bitrix_7nxat/public_html
    [REQUEST_SCHEME] => http
    [CONTEXT_PREFIX] => 
    [CONTEXT_DOCUMENT_ROOT] => /home/f/frolof/bitrix_7nxat/public_html
    [SERVER_ADMIN] => info@timeweb.ru
    [SCRIPT_FILENAME] => /home/f/frolof/bitrix_7nxat/public_html/bitrix/tools/public_session.php
    [REMOTE_PORT] => 41510
    [GATEWAY_INTERFACE] => CGI/1.1
    [SERVER_PROTOCOL] => HTTP/1.0
    [REQUEST_METHOD] => GET
    [QUERY_STRING] => k=60524cc6e196c241527ff82b14fa1d4d.61765d967c7f2517deff22435c01ab20a1e47d5f27580cf1fa262453b947c031
    [REQUEST_URI] => /bitrix/tools/public_session.php?k=60524cc6e196c241527ff82b14fa1d4d.61765d967c7f2517deff22435c01ab20a1e47d5f27580cf1fa262453b947c031
    [SCRIPT_NAME] => /bitrix/tools/public_session.php
    [PHP_SELF] => /bitrix/tools/public_session.php
    [REQUEST_TIME_FLOAT] => 1719296690.9342
    [REQUEST_TIME] => 1719296690
    [argv] => Array
        (
            [0] => k=60524cc6e196c241527ff82b14fa1d4d.61765d967c7f2517deff22435c01ab20a1e47d5f27580cf1fa262453b947c031
        )

    [argc] => 1
)
Array
(
    [HTTPS] => On
    [REMOTE_USER] => 
    [HTTP_HOST] => frolof-bitrix-7nxat.tw1.ru
    [HTTP_X_HTTPS] => 1
    [HTTP_X_FORWARDED_PROTO] => https
    [HTTP_CONNECTION] => close
    [HTTP_SEC_CH_UA] => "Not/A)Brand";v="8", "Chromium";v="126", "Google Chrome";v="126"
    [HTTP_X_BITRIX_CSRF_TOKEN] => 60524cc6e196c241527ff82b14fa1d4d
    [HTTP_SEC_CH_UA_MOBILE] => ?0
    [HTTP_BX_AJAX] => true
    [HTTP_USER_AGENT] => Mozilla/5.0 (Windows NT 10.0; Win64; x64) AppleWebKit/537.36 (KHTML, like Gecko) Chrome/126.0.0.0 Safari/537.36
    [HTTP_SEC_CH_UA_PLATFORM] => "Windows"
    [HTTP_ACCEPT] => */*
    [HTTP_SEC_FETCH_SITE] => same-origin
    [HTTP_SEC_FETCH_MODE] => cors
    [HTTP_SEC_FETCH_DEST] => empty
    [HTTP_REFERER] => https://frolof-bitrix-7nxat.tw1.ru/services/?clear_cache=Y
    [HTTP_ACCEPT_ENCODING] => gzip, deflate, br
    [HTTP_ACCEPT_LANGUAGE] => ru,ru-RU;q=0.9,en-US;q=0.8,en;q=0.7
    [HTTP_PRIORITY] => u=1, i
    [HTTP_COOKIE] => _ym_uid=1684149822432476169; _ga=GA1.1.1390228103.1689341009; _ga_3PDPXWLK32=GS1.1.1689341008.1.1.1689341186.0.0.0; _ym_d=1702391973; _ga_LTEDGNT3YB=GS1.1.1702393807.1.1.1702393851.0.0.0; BITRIX_SM_SOUND_LOGIN_PLAYED=Y; BX_USER_ID=3a02b9351801498a531c13983879b39a; BITRIX_SM_LOGIN=admin1c; BITRIX_CONVERSION_CONTEXT_s1=%7B%22ID%22%3A1%2C%22EXPIRE%22%3A1719349140%2C%22UNIQUE%22%3A%5B%22conversion_visit_day%22%5D%7D; PHPSESSID=y2zyIQI60D8ZzPX5eTuBNakTtkIesOH9; BITRIX_SM_SALE_UID=0
    [PATH] => /usr/local/sbin:/usr/local/bin:/usr/sbin:/usr/bin:/sbin:/bin:/snap/bin
    [SERVER_SIGNATURE] => 
    [SERVER_SOFTWARE] => Apache/2.4.29
    [SERVER_NAME] => frolof-bitrix-7nxat.tw1.ru
    [SERVER_ADDR] => 127.0.4.129
    [SERVER_PORT] => 80
    [REMOTE_ADDR] => 37.193.78.35
    [DOCUMENT_ROOT] => /home/f/frolof/bitrix_7nxat/public_html
    [REQUEST_SCHEME] => http
    [CONTEXT_PREFIX] => 
    [CONTEXT_DOCUMENT_ROOT] => /home/f/frolof/bitrix_7nxat/public_html
    [SERVER_ADMIN] => info@timeweb.ru
    [SCRIPT_FILENAME] => /home/f/frolof/bitrix_7nxat/public_html/bitrix/tools/public_session.php
    [REMOTE_PORT] => 51692
    [GATEWAY_INTERFACE] => CGI/1.1
    [SERVER_PROTOCOL] => HTTP/1.0
    [REQUEST_METHOD] => GET
    [QUERY_STRING] => k=60524cc6e196c241527ff82b14fa1d4d.61765d967c7f2517deff22435c01ab20a1e47d5f27580cf1fa262453b947c031
    [REQUEST_URI] => /bitrix/tools/public_session.php?k=60524cc6e196c241527ff82b14fa1d4d.61765d967c7f2517deff22435c01ab20a1e47d5f27580cf1fa262453b947c031
    [SCRIPT_NAME] => /bitrix/tools/public_session.php
    [PHP_SELF] => /bitrix/tools/public_session.php
    [REQUEST_TIME_FLOAT] => 1719296762.6601
    [REQUEST_TIME] => 1719296762
    [argv] => Array
        (
            [0] => k=60524cc6e196c241527ff82b14fa1d4d.61765d967c7f2517deff22435c01ab20a1e47d5f27580cf1fa262453b947c031
        )

    [argc] => 1
)
Array
(
    [HTTPS] => On
    [REMOTE_USER] => 
    [HTTP_HOST] => frolof-bitrix-7nxat.tw1.ru
    [HTTP_X_HTTPS] => 1
    [HTTP_X_FORWARDED_PROTO] => https
    [HTTP_CONNECTION] => close
    [HTTP_SEC_CH_UA] => "Not/A)Brand";v="8", "Chromium";v="126", "Google Chrome";v="126"
    [HTTP_X_BITRIX_CSRF_TOKEN] => 4ba204c68ba28208a107c057200d7dc0
    [HTTP_SEC_CH_UA_MOBILE] => ?0
    [HTTP_BX_AJAX] => true
    [HTTP_USER_AGENT] => Mozilla/5.0 (Windows NT 10.0; Win64; x64) AppleWebKit/537.36 (KHTML, like Gecko) Chrome/126.0.0.0 Safari/537.36
    [HTTP_SEC_CH_UA_PLATFORM] => "Windows"
    [HTTP_ACCEPT] => */*
    [HTTP_SEC_FETCH_SITE] => same-origin
    [HTTP_SEC_FETCH_MODE] => cors
    [HTTP_SEC_FETCH_DEST] => empty
    [HTTP_REFERER] => https://frolof-bitrix-7nxat.tw1.ru/catalog/lenta_mednaya/
    [HTTP_ACCEPT_ENCODING] => gzip, deflate, br
    [HTTP_ACCEPT_LANGUAGE] => ru-RU,ru;q=0.9,en-US;q=0.8,en;q=0.7,la;q=0.6,bg;q=0.5,haw;q=0.4,ky;q=0.3,tg;q=0.2,sr;q=0.1
    [HTTP_PRIORITY] => u=1, i
    [HTTP_COOKIE] => _ym_uid=1695892490214562786; _ym_d=1695892490; BX_USER_ID=6aaa08204fbf375f58e2687db84f9b78; BITRIX_SM_LOGIN=admin; BITRIX_SM_SALE_UID=dd7a5ef40921c256e161b6287fa6da9b; PHPSESSID=0vdesYFcJ1509UrSOYcOuR4USGlZsFqH; BITRIX_SM_SOUND_LOGIN_PLAYED=Y; BITRIX_CONVERSION_CONTEXT_s1=%7B%22ID%22%3A1%2C%22EXPIRE%22%3A1719349140%2C%22UNIQUE%22%3A%5B%22conversion_visit_day%22%2C%22sale_cart_add_day%22%5D%7D
    [PATH] => /usr/local/sbin:/usr/local/bin:/usr/sbin:/usr/bin:/sbin:/bin:/snap/bin
    [SERVER_SIGNATURE] => 
    [SERVER_SOFTWARE] => Apache/2.4.29
    [SERVER_NAME] => frolof-bitrix-7nxat.tw1.ru
    [SERVER_ADDR] => 127.0.4.129
    [SERVER_PORT] => 80
    [REMOTE_ADDR] => 37.193.78.35
    [DOCUMENT_ROOT] => /home/f/frolof/bitrix_7nxat/public_html
    [REQUEST_SCHEME] => http
    [CONTEXT_PREFIX] => 
    [CONTEXT_DOCUMENT_ROOT] => /home/f/frolof/bitrix_7nxat/public_html
    [SERVER_ADMIN] => info@timeweb.ru
    [SCRIPT_FILENAME] => /home/f/frolof/bitrix_7nxat/public_html/bitrix/tools/public_session.php
    [REMOTE_PORT] => 58824
    [GATEWAY_INTERFACE] => CGI/1.1
    [SERVER_PROTOCOL] => HTTP/1.0
    [REQUEST_METHOD] => GET
    [QUERY_STRING] => k=4ba204c68ba28208a107c057200d7dc0.64423431ef0a7596a14bdfeac54ec21e66fe705c937e0b4dfd1d23f281d303c0
    [REQUEST_URI] => /bitrix/tools/public_session.php?k=4ba204c68ba28208a107c057200d7dc0.64423431ef0a7596a14bdfeac54ec21e66fe705c937e0b4dfd1d23f281d303c0
    [SCRIPT_NAME] => /bitrix/tools/public_session.php
    [PHP_SELF] => /bitrix/tools/public_session.php
    [REQUEST_TIME_FLOAT] => 1719296770.6169
    [REQUEST_TIME] => 1719296770
    [argv] => Array
        (
            [0] => k=4ba204c68ba28208a107c057200d7dc0.64423431ef0a7596a14bdfeac54ec21e66fe705c937e0b4dfd1d23f281d303c0
        )

    [argc] => 1
)
Array
(
    [HTTPS] => On
    [REMOTE_USER] => 
    [HTTP_HOST] => frolof-bitrix-7nxat.tw1.ru
    [HTTP_X_HTTPS] => 1
    [HTTP_X_FORWARDED_PROTO] => https
    [HTTP_CONNECTION] => close
    [HTTP_SEC_CH_UA] => "Not/A)Brand";v="8", "Chromium";v="126", "Google Chrome";v="126"
    [HTTP_X_BITRIX_CSRF_TOKEN] => 60524cc6e196c241527ff82b14fa1d4d
    [HTTP_SEC_CH_UA_MOBILE] => ?0
    [HTTP_BX_AJAX] => true
    [HTTP_USER_AGENT] => Mozilla/5.0 (Windows NT 10.0; Win64; x64) AppleWebKit/537.36 (KHTML, like Gecko) Chrome/126.0.0.0 Safari/537.36
    [HTTP_SEC_CH_UA_PLATFORM] => "Windows"
    [HTTP_ACCEPT] => */*
    [HTTP_SEC_FETCH_SITE] => same-origin
    [HTTP_SEC_FETCH_MODE] => cors
    [HTTP_SEC_FETCH_DEST] => empty
    [HTTP_REFERER] => https://frolof-bitrix-7nxat.tw1.ru/services/?clear_cache=Y
    [HTTP_ACCEPT_ENCODING] => gzip, deflate, br
    [HTTP_ACCEPT_LANGUAGE] => ru,ru-RU;q=0.9,en-US;q=0.8,en;q=0.7
    [HTTP_PRIORITY] => u=1, i
    [HTTP_COOKIE] => _ym_uid=1684149822432476169; _ga=GA1.1.1390228103.1689341009; _ga_3PDPXWLK32=GS1.1.1689341008.1.1.1689341186.0.0.0; _ym_d=1702391973; _ga_LTEDGNT3YB=GS1.1.1702393807.1.1.1702393851.0.0.0; BITRIX_SM_SOUND_LOGIN_PLAYED=Y; BX_USER_ID=3a02b9351801498a531c13983879b39a; BITRIX_SM_LOGIN=admin1c; BITRIX_CONVERSION_CONTEXT_s1=%7B%22ID%22%3A1%2C%22EXPIRE%22%3A1719349140%2C%22UNIQUE%22%3A%5B%22conversion_visit_day%22%5D%7D; PHPSESSID=y2zyIQI60D8ZzPX5eTuBNakTtkIesOH9; BITRIX_SM_SALE_UID=0
    [PATH] => /usr/local/sbin:/usr/local/bin:/usr/sbin:/usr/bin:/sbin:/bin:/snap/bin
    [SERVER_SIGNATURE] => 
    [SERVER_SOFTWARE] => Apache/2.4.29
    [SERVER_NAME] => frolof-bitrix-7nxat.tw1.ru
    [SERVER_ADDR] => 127.0.4.129
    [SERVER_PORT] => 80
    [REMOTE_ADDR] => 37.193.78.35
    [DOCUMENT_ROOT] => /home/f/frolof/bitrix_7nxat/public_html
    [REQUEST_SCHEME] => http
    [CONTEXT_PREFIX] => 
    [CONTEXT_DOCUMENT_ROOT] => /home/f/frolof/bitrix_7nxat/public_html
    [SERVER_ADMIN] => info@timeweb.ru
    [SCRIPT_FILENAME] => /home/f/frolof/bitrix_7nxat/public_html/bitrix/tools/public_session.php
    [REMOTE_PORT] => 47814
    [GATEWAY_INTERFACE] => CGI/1.1
    [SERVER_PROTOCOL] => HTTP/1.0
    [REQUEST_METHOD] => GET
    [QUERY_STRING] => k=60524cc6e196c241527ff82b14fa1d4d.61765d967c7f2517deff22435c01ab20a1e47d5f27580cf1fa262453b947c031
    [REQUEST_URI] => /bitrix/tools/public_session.php?k=60524cc6e196c241527ff82b14fa1d4d.61765d967c7f2517deff22435c01ab20a1e47d5f27580cf1fa262453b947c031
    [SCRIPT_NAME] => /bitrix/tools/public_session.php
    [PHP_SELF] => /bitrix/tools/public_session.php
    [REQUEST_TIME_FLOAT] => 1719296822.6493
    [REQUEST_TIME] => 1719296822
    [argv] => Array
        (
            [0] => k=60524cc6e196c241527ff82b14fa1d4d.61765d967c7f2517deff22435c01ab20a1e47d5f27580cf1fa262453b947c031
        )

    [argc] => 1
)
Array
(
    [HTTPS] => On
    [REMOTE_USER] => Basic YWRtaW4xYzpjSzFFZVQqdTdKWDleWmVZ
    [HTTP_HOST] => frolof-bitrix-7nxat.tw1.ru
    [HTTP_X_HTTPS] => 1
    [HTTP_X_FORWARDED_PROTO] => https
    [HTTP_CONNECTION] => close
    [CONTENT_LENGTH] => 0
    [HTTP_USER_AGENT] => 1C+Enterprise/8.3
    [HTTP_ACCEPT] => */*
    [CONTENT_TYPE] => application/x-www-form-urlencoded
    [PATH] => /usr/local/sbin:/usr/local/bin:/usr/sbin:/usr/bin:/sbin:/bin:/snap/bin
    [SERVER_SIGNATURE] => 
    [SERVER_SOFTWARE] => Apache/2.4.29
    [SERVER_NAME] => frolof-bitrix-7nxat.tw1.ru
    [SERVER_ADDR] => 127.0.4.129
    [SERVER_PORT] => 80
    [REMOTE_ADDR] => 178.49.95.56
    [DOCUMENT_ROOT] => /home/f/frolof/bitrix_7nxat/public_html
    [REQUEST_SCHEME] => http
    [CONTEXT_PREFIX] => 
    [CONTEXT_DOCUMENT_ROOT] => /home/f/frolof/bitrix_7nxat/public_html
    [SERVER_ADMIN] => info@timeweb.ru
    [SCRIPT_FILENAME] => /home/f/frolof/bitrix_7nxat/public_html/bitrix/admin/1c_exchange.php
    [REMOTE_PORT] => 46442
    [GATEWAY_INTERFACE] => CGI/1.1
    [SERVER_PROTOCOL] => HTTP/1.0
    [REQUEST_METHOD] => POST
    [QUERY_STRING] => type=catalog&mode=checkauth
    [REQUEST_URI] => /bitrix/admin/1c_exchange.php?type=catalog&mode=checkauth
    [SCRIPT_NAME] => /bitrix/admin/1c_exchange.php
    [PHP_SELF] => /bitrix/admin/1c_exchange.php
    [PHP_AUTH_USER] => admin1c
    [PHP_AUTH_PW] => cK1EeT*u7JX9^ZeY
    [REQUEST_TIME_FLOAT] => 1719296955.2734
    [REQUEST_TIME] => 1719296955
    [argv] => Array
        (
            [0] => type=catalog&mode=checkauth
        )

    [argc] => 1
)
